{"/home/travis/build/npmtest/node-npmtest-require/test.js":{"path":"/home/travis/build/npmtest/node-npmtest-require/test.js","s":{"1":2,"2":2,"3":2,"4":2,"5":2,"6":2,"7":2,"8":1,"9":2,"10":2,"11":1,"12":1,"13":1,"14":1,"15":2,"16":2,"17":2,"18":2,"19":1,"20":1,"21":2,"22":2,"23":2,"24":1,"25":1,"26":1,"27":1,"28":1,"29":1,"30":1,"31":1,"32":1,"33":1,"34":1,"35":1,"36":1,"37":1,"38":1,"39":2,"40":2,"41":1,"42":2,"43":2,"44":1,"45":2,"46":2,"47":1,"48":2,"49":2,"50":1,"51":1,"52":1,"53":1,"54":1},"b":{"1":[2,1,1,1],"2":[1,1,1,1],"3":[1,1],"4":[1,1],"5":[1,1],"6":[1,1],"7":[1,1],"8":[1,1],"9":[1,1],"10":[1,1,1],"11":[1,1],"12":[1,1],"13":[1,1],"14":[1,1],"15":[1,1],"16":[1,1],"17":[1,1]},"f":{"1":2,"2":2,"3":2,"4":2,"5":2,"6":1,"7":1,"8":1,"9":2,"10":2,"11":2,"12":2,"13":1},"fnMap":{"1":{"name":"(anonymous_1)","line":12,"loc":{"start":{"line":12,"column":1},"end":{"line":12,"column":13}}},"2":{"name":"(anonymous_2)","line":19,"loc":{"start":{"line":19,"column":5},"end":{"line":19,"column":17}}},"3":{"name":"(anonymous_3)","line":23,"loc":{"start":{"line":23,"column":24},"end":{"line":23,"column":36}}},"4":{"name":"(anonymous_4)","line":61,"loc":{"start":{"line":61,"column":5},"end":{"line":61,"column":17}}},"5":{"name":"(anonymous_5)","line":82,"loc":{"start":{"line":82,"column":5},"end":{"line":82,"column":17}}},"6":{"name":"(anonymous_6)","line":91,"loc":{"start":{"line":91,"column":77},"end":{"line":94,"column":10}}},"7":{"name":"(anonymous_7)","line":112,"loc":{"start":{"line":112,"column":83},"end":{"line":115,"column":10}},"skip":true},"8":{"name":"(anonymous_8)","line":123,"loc":{"start":{"line":123,"column":77},"end":{"line":126,"column":10}},"skip":true},"9":{"name":"(anonymous_9)","line":139,"loc":{"start":{"line":139,"column":12},"end":{"line":139,"column":40}},"skip":true},"10":{"name":"(anonymous_10)","line":147,"loc":{"start":{"line":147,"column":77},"end":{"line":150,"column":10}},"skip":true},"11":{"name":"(anonymous_11)","line":158,"loc":{"start":{"line":158,"column":83},"end":{"line":161,"column":10}},"skip":true},"12":{"name":"(anonymous_12)","line":169,"loc":{"start":{"line":169,"column":79},"end":{"line":172,"column":10}},"skip":true},"13":{"name":"(anonymous_13)","line":180,"loc":{"start":{"line":180,"column":75},"end":{"line":183,"column":10}},"skip":true}},"statementMap":{"1":{"start":{"line":12,"column":0},"end":{"line":195,"column":5}},"2":{"start":{"line":14,"column":4},"end":{"line":14,"column":14}},"3":{"start":{"line":19,"column":4},"end":{"line":56,"column":9}},"4":{"start":{"line":21,"column":8},"end":{"line":21,"column":19}},"5":{"start":{"line":23,"column":8},"end":{"line":35,"column":13}},"6":{"start":{"line":24,"column":12},"end":{"line":34,"column":13}},"7":{"start":{"line":25,"column":16},"end":{"line":28,"column":30}},"8":{"start":{"line":30,"column":16},"end":{"line":33,"column":27}},"9":{"start":{"line":37,"column":8},"end":{"line":39,"column":21}},"10":{"start":{"line":40,"column":8},"end":{"line":53,"column":9}},"11":{"start":{"line":43,"column":12},"end":{"line":46,"column":14}},"12":{"start":{"line":47,"column":12},"end":{"line":47,"column":18}},"13":{"start":{"line":50,"column":12},"end":{"line":51,"column":46}},"14":{"start":{"line":52,"column":12},"end":{"line":52,"column":18}},"15":{"start":{"line":55,"column":8},"end":{"line":55,"column":35}},"16":{"start":{"line":61,"column":4},"end":{"line":63,"column":9}},"17":{"start":{"line":62,"column":8},"end":{"line":62,"column":15}},"18":{"start":{"line":64,"column":4},"end":{"line":77,"column":5}},"19":{"start":{"line":70,"column":8},"end":{"line":70,"column":14}},"20":{"start":{"line":76,"column":8},"end":{"line":76,"column":14}},"21":{"start":{"line":82,"column":4},"end":{"line":84,"column":9}},"22":{"start":{"line":83,"column":8},"end":{"line":83,"column":15}},"23":{"start":{"line":85,"column":4},"end":{"line":194,"column":5}},"24":{"start":{"line":91,"column":8},"end":{"line":99,"column":10}},"25":{"start":{"line":98,"column":12},"end":{"line":98,"column":35}},"26":{"start":{"line":102,"column":8},"end":{"line":104,"column":63}},"27":{"start":{"line":105,"column":8},"end":{"line":105,"column":14}},"28":{"start":{"line":112,"column":8},"end":{"line":121,"column":10},"skip":true},"29":{"start":{"line":119,"column":12},"end":{"line":119,"column":55},"skip":true},"30":{"start":{"line":120,"column":12},"end":{"line":120,"column":48},"skip":true},"31":{"start":{"line":123,"column":8},"end":{"line":136,"column":10},"skip":true},"32":{"start":{"line":130,"column":12},"end":{"line":130,"column":76},"skip":true},"33":{"start":{"line":131,"column":12},"end":{"line":131,"column":73},"skip":true},"34":{"start":{"line":132,"column":12},"end":{"line":132,"column":74},"skip":true},"35":{"start":{"line":133,"column":12},"end":{"line":133,"column":79},"skip":true},"36":{"start":{"line":134,"column":12},"end":{"line":134,"column":25},"skip":true},"37":{"start":{"line":135,"column":12},"end":{"line":135,"column":45},"skip":true},"38":{"start":{"line":138,"column":8},"end":{"line":145,"column":14},"skip":true},"39":{"start":{"line":143,"column":16},"end":{"line":143,"column":29},"skip":true},"40":{"start":{"line":144,"column":16},"end":{"line":144,"column":55},"skip":true},"41":{"start":{"line":147,"column":8},"end":{"line":156,"column":10},"skip":true},"42":{"start":{"line":154,"column":12},"end":{"line":154,"column":25},"skip":true},"43":{"start":{"line":155,"column":12},"end":{"line":155,"column":45},"skip":true},"44":{"start":{"line":158,"column":8},"end":{"line":167,"column":10},"skip":true},"45":{"start":{"line":165,"column":12},"end":{"line":165,"column":25},"skip":true},"46":{"start":{"line":166,"column":12},"end":{"line":166,"column":48},"skip":true},"47":{"start":{"line":169,"column":8},"end":{"line":178,"column":10},"skip":true},"48":{"start":{"line":176,"column":12},"end":{"line":176,"column":25},"skip":true},"49":{"start":{"line":177,"column":12},"end":{"line":177,"column":46},"skip":true},"50":{"start":{"line":180,"column":8},"end":{"line":189,"column":10},"skip":true},"51":{"start":{"line":187,"column":12},"end":{"line":187,"column":94},"skip":true},"52":{"start":{"line":188,"column":12},"end":{"line":188,"column":48},"skip":true},"53":{"start":{"line":192,"column":8},"end":{"line":192,"column":35},"skip":true},"54":{"start":{"line":193,"column":8},"end":{"line":193,"column":14},"skip":true}},"branchMap":{"1":{"line":25,"type":"binary-expr","locations":[{"start":{"line":25,"column":23},"end":{"line":25,"column":62}},{"start":{"line":26,"column":20},"end":{"line":26,"column":70}},{"start":{"line":27,"column":20},"end":{"line":27,"column":71}},{"start":{"line":28,"column":20},"end":{"line":28,"column":29}}]},"2":{"line":30,"type":"binary-expr","locations":[{"start":{"line":30,"column":23},"end":{"line":30,"column":37}},{"start":{"line":31,"column":20},"end":{"line":31,"column":61}},{"start":{"line":32,"column":20},"end":{"line":32,"column":70}},{"start":{"line":33,"column":20},"end":{"line":33,"column":26}}]},"3":{"line":37,"type":"cond-expr","locations":[{"start":{"line":38,"column":14},"end":{"line":38,"column":20}},{"start":{"line":39,"column":14},"end":{"line":39,"column":20}}]},"4":{"line":40,"type":"switch","locations":[{"start":{"line":42,"column":8},"end":{"line":47,"column":18}},{"start":{"line":49,"column":8},"end":{"line":52,"column":18}}]},"5":{"line":44,"type":"binary-expr","locations":[{"start":{"line":44,"column":16},"end":{"line":44,"column":44}},{"start":{"line":44,"column":48},"end":{"line":44,"column":66}}]},"6":{"line":50,"type":"binary-expr","locations":[{"start":{"line":50,"column":21},"end":{"line":50,"column":49}},{"start":{"line":50,"column":53},"end":{"line":50,"column":72}}]},"7":{"line":64,"type":"switch","locations":[{"start":{"line":69,"column":4},"end":{"line":70,"column":14}},{"start":{"line":75,"column":4},"end":{"line":76,"column":14}}]},"8":{"line":85,"type":"switch","locations":[{"start":{"line":90,"column":4},"end":{"line":105,"column":14}},{"start":{"line":111,"column":4},"end":{"line":193,"column":14},"skip":true}]},"9":{"line":91,"type":"binary-expr","locations":[{"start":{"line":91,"column":42},"end":{"line":91,"column":73}},{"start":{"line":91,"column":77},"end":{"line":99,"column":9}}]},"10":{"line":102,"type":"binary-expr","locations":[{"start":{"line":102,"column":18},"end":{"line":102,"column":32}},{"start":{"line":103,"column":12},"end":{"line":103,"column":53}},{"start":{"line":104,"column":12},"end":{"line":104,"column":61}}]},"11":{"line":112,"type":"binary-expr","locations":[{"start":{"line":112,"column":45},"end":{"line":112,"column":79},"skip":true},{"start":{"line":112,"column":83},"end":{"line":121,"column":9},"skip":true}]},"12":{"line":123,"type":"binary-expr","locations":[{"start":{"line":123,"column":42},"end":{"line":123,"column":73},"skip":true},{"start":{"line":123,"column":77},"end":{"line":136,"column":9},"skip":true}]},"13":{"line":138,"type":"binary-expr","locations":[{"start":{"line":138,"column":48},"end":{"line":138,"column":85},"skip":true},{"start":{"line":139,"column":12},"end":{"line":145,"column":13},"skip":true}]},"14":{"line":147,"type":"binary-expr","locations":[{"start":{"line":147,"column":42},"end":{"line":147,"column":73},"skip":true},{"start":{"line":147,"column":77},"end":{"line":156,"column":9},"skip":true}]},"15":{"line":158,"type":"binary-expr","locations":[{"start":{"line":158,"column":45},"end":{"line":158,"column":79},"skip":true},{"start":{"line":158,"column":83},"end":{"line":167,"column":9},"skip":true}]},"16":{"line":169,"type":"binary-expr","locations":[{"start":{"line":169,"column":43},"end":{"line":169,"column":75},"skip":true},{"start":{"line":169,"column":79},"end":{"line":178,"column":9},"skip":true}]},"17":{"line":180,"type":"binary-expr","locations":[{"start":{"line":180,"column":41},"end":{"line":180,"column":71},"skip":true},{"start":{"line":180,"column":75},"end":{"line":189,"column":9},"skip":true}]}},"code":["/* istanbul instrument in package npmtest_require */","/*jslint","    bitwise: true,","    browser: true,","    maxerr: 8,","    maxlen: 96,","    node: true,","    nomen: true,","    regexp: true,","    stupid: true","*/","(function () {","    'use strict';","    var local;","","","","    // run shared js-env code - pre-init","    (function () {","        // init local","        local = {};","        // init modeJs","        local.modeJs = (function () {","            try {","                return typeof navigator.userAgent === 'string' &&","                    typeof document.querySelector('body') === 'object' &&","                    typeof XMLHttpRequest.prototype.open === 'function' &&","                    'browser';","            } catch (errorCaughtBrowser) {","                return module.exports &&","                    typeof process.versions.node === 'string' &&","                    typeof require('http').createServer === 'function' &&","                    'node';","            }","        }());","        // init global","        local.global = local.modeJs === 'browser'","            ? window","            : global;","        switch (local.modeJs) {","        // re-init local from window.local","        case 'browser':","            local = local.global.utility2.objectSetDefault(","                local.global.utility2_rollup || local.global.local,","                local.global.utility2","            );","            break;","        // re-init local from example.js","        case 'node':","            local = (local.global.utility2_rollup || require('utility2'))","                .requireExampleJsFromReadme();","            break;","        }","        // export local","        local.global.local = local;","    }());","","","","    // run shared js-env code - function","    (function () {","        return;","    }());","    switch (local.modeJs) {","","","","    // run browser js-env code - function","    case 'browser':","        break;","","","","    // run node js-env code - function","    case 'node':","        break;","    }","","","","    // run shared js-env code - post-init","    (function () {","        return;","    }());","    switch (local.modeJs) {","","","","    // run browser js-env code - post-init","    case 'browser':","        local.testCase_browser_nullCase = local.testCase_browser_nullCase || function (","            options,","            onError","        ) {","        /*","         * this function will test browsers's null-case handling-behavior-behavior","         */","            onError(null, options);","        };","","        // run tests","        local.nop(local.modeTest &&","            document.querySelector('#testRunButton1') &&","            document.querySelector('#testRunButton1').click());","        break;","","","","    // run node js-env code - post-init","    /* istanbul ignore next */","    case 'node':","        local.testCase_buildApidoc_default = local.testCase_buildApidoc_default || function (","            options,","            onError","        ) {","        /*","         * this function will test buildApidoc's default handling-behavior-behavior","         */","            options = { modulePathList: module.paths };","            local.buildApidoc(options, onError);","        };","","        local.testCase_buildApp_default = local.testCase_buildApp_default || function (","            options,","            onError","        ) {","        /*","         * this function will test buildApp's default handling-behavior-behavior","         */","            local.testCase_buildReadme_default(options, local.onErrorThrow);","            local.testCase_buildLib_default(options, local.onErrorThrow);","            local.testCase_buildTest_default(options, local.onErrorThrow);","            local.testCase_buildCustomOrg_default(options, local.onErrorThrow);","            options = [];","            local.buildApp(options, onError);","        };","","        local.testCase_buildCustomOrg_default = local.testCase_buildCustomOrg_default ||","            function (options, onError) {","            /*","             * this function will test buildCustomOrg's default handling-behavior","             */","                options = {};","                local.buildCustomOrg(options, onError);","            };","","        local.testCase_buildLib_default = local.testCase_buildLib_default || function (","            options,","            onError","        ) {","        /*","         * this function will test buildLib's default handling-behavior","         */","            options = {};","            local.buildLib(options, onError);","        };","","        local.testCase_buildReadme_default = local.testCase_buildReadme_default || function (","            options,","            onError","        ) {","        /*","         * this function will test buildReadme's default handling-behavior-behavior","         */","            options = {};","            local.buildReadme(options, onError);","        };","","        local.testCase_buildTest_default = local.testCase_buildTest_default || function (","            options,","            onError","        ) {","        /*","         * this function will test buildTest's default handling-behavior","         */","            options = {};","            local.buildTest(options, onError);","        };","","        local.testCase_webpage_default = local.testCase_webpage_default || function (","            options,","            onError","        ) {","        /*","         * this function will test webpage's default handling-behavior","         */","            options = { modeCoverageMerge: true, url: local.serverLocalHost + '?modeTest=1' };","            local.browserTest(options, onError);","        };","","        // run test-server","        local.testRunServer(local);","        break;","    }","}());",""],"l":{"12":2,"14":2,"19":2,"21":2,"23":2,"24":2,"25":2,"30":1,"37":2,"40":2,"43":1,"47":1,"50":1,"52":1,"55":2,"61":2,"62":2,"64":2,"70":1,"76":1,"82":2,"83":2,"85":2,"91":1,"98":1,"102":1,"105":1,"112":1,"119":1,"120":1,"123":1,"130":1,"131":1,"132":1,"133":1,"134":1,"135":1,"138":1,"143":2,"144":2,"147":1,"154":2,"155":2,"158":1,"165":2,"166":2,"169":1,"176":2,"177":2,"180":1,"187":1,"188":1,"192":1,"193":1}},"/home/travis/build/npmtest/node-npmtest-require/lib.npmtest_require.js":{"path":"/home/travis/build/npmtest/node-npmtest-require/lib.npmtest_require.js","s":{"1":2,"2":2,"3":2,"4":2,"5":2,"6":2,"7":2,"8":1,"9":2,"10":2,"11":2,"12":2,"13":1,"14":1,"15":1,"16":1},"b":{"1":[2,1,1,1],"2":[1,1,1,1],"3":[1,1],"4":[2,2],"5":[1,1]},"f":{"1":2,"2":2,"3":2},"fnMap":{"1":{"name":"(anonymous_1)","line":12,"loc":{"start":{"line":12,"column":1},"end":{"line":12,"column":13}}},"2":{"name":"(anonymous_2)","line":19,"loc":{"start":{"line":19,"column":5},"end":{"line":19,"column":17}}},"3":{"name":"(anonymous_3)","line":23,"loc":{"start":{"line":23,"column":24},"end":{"line":23,"column":36}}}},"statementMap":{"1":{"start":{"line":12,"column":0},"end":{"line":53,"column":5}},"2":{"start":{"line":14,"column":4},"end":{"line":14,"column":14}},"3":{"start":{"line":19,"column":4},"end":{"line":52,"column":9}},"4":{"start":{"line":21,"column":8},"end":{"line":21,"column":19}},"5":{"start":{"line":23,"column":8},"end":{"line":35,"column":13}},"6":{"start":{"line":24,"column":12},"end":{"line":34,"column":13}},"7":{"start":{"line":25,"column":16},"end":{"line":28,"column":30}},"8":{"start":{"line":30,"column":16},"end":{"line":33,"column":27}},"9":{"start":{"line":37,"column":8},"end":{"line":39,"column":21}},"10":{"start":{"line":41,"column":8},"end":{"line":41,"column":54}},"11":{"start":{"line":43,"column":8},"end":{"line":43,"column":52}},"12":{"start":{"line":45,"column":8},"end":{"line":51,"column":9}},"13":{"start":{"line":46,"column":12},"end":{"line":46,"column":58}},"14":{"start":{"line":48,"column":12},"end":{"line":48,"column":35}},"15":{"start":{"line":49,"column":12},"end":{"line":49,"column":49}},"16":{"start":{"line":50,"column":12},"end":{"line":50,"column":43}}},"branchMap":{"1":{"line":25,"type":"binary-expr","locations":[{"start":{"line":25,"column":23},"end":{"line":25,"column":62}},{"start":{"line":26,"column":20},"end":{"line":26,"column":70}},{"start":{"line":27,"column":20},"end":{"line":27,"column":71}},{"start":{"line":28,"column":20},"end":{"line":28,"column":29}}]},"2":{"line":30,"type":"binary-expr","locations":[{"start":{"line":30,"column":23},"end":{"line":30,"column":37}},{"start":{"line":31,"column":20},"end":{"line":31,"column":61}},{"start":{"line":32,"column":20},"end":{"line":32,"column":70}},{"start":{"line":33,"column":20},"end":{"line":33,"column":26}}]},"3":{"line":37,"type":"cond-expr","locations":[{"start":{"line":38,"column":14},"end":{"line":38,"column":20}},{"start":{"line":39,"column":14},"end":{"line":39,"column":20}}]},"4":{"line":41,"type":"binary-expr","locations":[{"start":{"line":41,"column":16},"end":{"line":41,"column":44}},{"start":{"line":41,"column":48},"end":{"line":41,"column":53}}]},"5":{"line":45,"type":"if","locations":[{"start":{"line":45,"column":8},"end":{"line":45,"column":8}},{"start":{"line":45,"column":8},"end":{"line":45,"column":8}}]}},"code":["/* istanbul instrument in package npmtest_require */","/*jslint","    bitwise: true,","    browser: true,","    maxerr: 8,","    maxlen: 96,","    node: true,","    nomen: true,","    regexp: true,","    stupid: true","*/","(function () {","    'use strict';","    var local;","","","","    // run shared js-env code - pre-init","    (function () {","        // init local","        local = {};","        // init modeJs","        local.modeJs = (function () {","            try {","                return typeof navigator.userAgent === 'string' &&","                    typeof document.querySelector('body') === 'object' &&","                    typeof XMLHttpRequest.prototype.open === 'function' &&","                    'browser';","            } catch (errorCaughtBrowser) {","                return module.exports &&","                    typeof process.versions.node === 'string' &&","                    typeof require('http').createServer === 'function' &&","                    'node';","            }","        }());","        // init global","        local.global = local.modeJs === 'browser'","            ? window","            : global;","        // init utility2_rollup","        local = local.global.utility2_rollup || local;","        // init lib","        local.local = local.npmtest_require = local;","        // init exports","        if (local.modeJs === 'browser') {","            local.global.utility2_npmtest_require = local;","        } else {","            module.exports = local;","            module.exports.__dirname = __dirname;","            module.exports.module = module;","        }","    }());","}());",""],"l":{"12":2,"14":2,"19":2,"21":2,"23":2,"24":2,"25":2,"30":1,"37":2,"41":2,"43":2,"45":2,"46":1,"48":1,"49":1,"50":1}},"/home/travis/build/npmtest/node-npmtest-require/example.js":{"path":"/home/travis/build/npmtest/node-npmtest-require/example.js","s":{"1":2,"2":2,"3":2,"4":2,"5":2,"6":2,"7":2,"8":1,"9":2,"10":2,"11":2,"12":2,"13":1,"14":2,"15":2,"16":2,"17":2,"18":2,"19":0,"20":2,"21":1,"22":1,"23":1,"24":1,"25":1,"26":0,"27":0,"28":1,"29":1,"30":2,"31":0,"32":0,"33":0,"34":1,"35":2,"36":2,"37":3,"38":3,"39":3,"40":3,"41":0,"42":3,"43":3,"44":3,"45":1,"46":3,"47":1,"48":1,"49":1,"50":1,"51":1,"52":1,"53":1,"54":1,"55":1,"56":1,"57":0,"58":1,"59":6,"60":6,"61":1,"62":2,"63":0,"64":2,"65":1,"66":1,"67":0,"68":0,"69":0,"70":0,"71":0,"72":0,"73":0,"74":0,"75":0,"76":0,"77":0,"78":0,"79":0,"80":0,"81":0,"82":0,"83":0},"b":{"1":[2,1,1,1],"2":[1,1,1,1],"3":[1,1],"4":[2,2],"5":[1,1],"6":[1,1],"7":[2,0],"8":[2,1,1,1,1,1],"9":[0,2,0],"10":[1,1],"11":[2,1,1],"12":[1,0],"13":[0,2],"14":[2,0,0,0,0,0,0],"15":[0,3],"16":[3,0],"17":[1,1],"18":[0,1],"19":[1,2,0,2],"20":[1,0],"21":[1,1],"22":[0,0],"23":[0,0],"24":[0,0],"25":[0,0],"26":[0,0],"27":[0,0],"28":[0,0]},"f":{"1":2,"2":2,"3":2,"4":2,"5":2,"6":2,"7":3,"8":3,"9":3,"10":1,"11":6,"12":0},"fnMap":{"1":{"name":"(anonymous_1)","line":26,"loc":{"start":{"line":26,"column":1},"end":{"line":26,"column":13}}},"2":{"name":"(anonymous_2)","line":33,"loc":{"start":{"line":33,"column":5},"end":{"line":33,"column":17}}},"3":{"name":"(anonymous_3)","line":37,"loc":{"start":{"line":37,"column":24},"end":{"line":37,"column":36}}},"4":{"name":"(anonymous_4)","line":69,"loc":{"start":{"line":69,"column":31},"end":{"line":69,"column":48}},"skip":true},"5":{"name":"(anonymous_5)","line":78,"loc":{"start":{"line":78,"column":26},"end":{"line":78,"column":45}},"skip":true},"6":{"name":"(anonymous_6)","line":123,"loc":{"start":{"line":123,"column":33},"end":{"line":123,"column":48}},"skip":true},"7":{"name":"(anonymous_7)","line":125,"loc":{"start":{"line":125,"column":27},"end":{"line":125,"column":39}},"skip":true},"8":{"name":"(anonymous_8)","line":133,"loc":{"start":{"line":133,"column":59},"end":{"line":133,"column":74}},"skip":true},"9":{"name":"(anonymous_9)","line":143,"loc":{"start":{"line":143,"column":45},"end":{"line":143,"column":62}},"skip":true},"10":{"name":"(anonymous_10)","line":144,"loc":{"start":{"line":144,"column":73},"end":{"line":144,"column":92}},"skip":true},"11":{"name":"(anonymous_11)","line":272,"loc":{"start":{"line":272,"column":51},"end":{"line":272,"column":77}},"skip":true},"12":{"name":"(anonymous_12)","line":315,"loc":{"start":{"line":315,"column":32},"end":{"line":315,"column":61}},"skip":true}},"statementMap":{"1":{"start":{"line":26,"column":0},"end":{"line":326,"column":5}},"2":{"start":{"line":28,"column":4},"end":{"line":28,"column":14}},"3":{"start":{"line":33,"column":4},"end":{"line":60,"column":9}},"4":{"start":{"line":35,"column":8},"end":{"line":35,"column":19}},"5":{"start":{"line":37,"column":8},"end":{"line":49,"column":13}},"6":{"start":{"line":38,"column":12},"end":{"line":48,"column":13}},"7":{"start":{"line":39,"column":16},"end":{"line":42,"column":30}},"8":{"start":{"line":44,"column":16},"end":{"line":47,"column":27}},"9":{"start":{"line":51,"column":8},"end":{"line":53,"column":21}},"10":{"start":{"line":55,"column":8},"end":{"line":57,"column":45}},"11":{"start":{"line":59,"column":8},"end":{"line":59,"column":35}},"12":{"start":{"line":61,"column":4},"end":{"line":325,"column":5}},"13":{"start":{"line":69,"column":8},"end":{"line":121,"column":10},"skip":true},"14":{"start":{"line":70,"column":12},"end":{"line":88,"column":13},"skip":true},"15":{"start":{"line":76,"column":16},"end":{"line":87,"column":19},"skip":true},"16":{"start":{"line":79,"column":20},"end":{"line":86,"column":21},"skip":true},"17":{"start":{"line":82,"column":24},"end":{"line":82,"column":43},"skip":true},"18":{"start":{"line":83,"column":24},"end":{"line":83,"column":30},"skip":true},"19":{"start":{"line":85,"column":24},"end":{"line":85,"column":49},"skip":true},"20":{"start":{"line":89,"column":12},"end":{"line":107,"column":13},"skip":true},"21":{"start":{"line":92,"column":16},"end":{"line":102,"column":17},"skip":true},"22":{"start":{"line":93,"column":20},"end":{"line":93,"column":86},"skip":true},"23":{"start":{"line":94,"column":20},"end":{"line":95,"column":45},"skip":true},"24":{"start":{"line":96,"column":20},"end":{"line":96,"column":42},"skip":true},"25":{"start":{"line":97,"column":20},"end":{"line":97,"column":48},"skip":true},"26":{"start":{"line":100,"column":20},"end":{"line":100,"column":85},"skip":true},"27":{"start":{"line":101,"column":20},"end":{"line":101,"column":96},"skip":true},"28":{"start":{"line":103,"column":16},"end":{"line":103,"column":22},"skip":true},"29":{"start":{"line":106,"column":16},"end":{"line":106,"column":22},"skip":true},"30":{"start":{"line":108,"column":12},"end":{"line":120,"column":13},"skip":true},"31":{"start":{"line":114,"column":16},"end":{"line":119,"column":17},"skip":true},"32":{"start":{"line":116,"column":20},"end":{"line":116,"column":78},"skip":true},"33":{"start":{"line":118,"column":20},"end":{"line":118,"column":47},"skip":true},"34":{"start":{"line":123,"column":8},"end":{"line":141,"column":11},"skip":true},"35":{"start":{"line":124,"column":12},"end":{"line":124,"column":54},"skip":true},"36":{"start":{"line":125,"column":12},"end":{"line":140,"column":14},"skip":true},"37":{"start":{"line":126,"column":16},"end":{"line":126,"column":28},"skip":true},"38":{"start":{"line":127,"column":16},"end":{"line":127,"column":69},"skip":true},"39":{"start":{"line":128,"column":16},"end":{"line":128,"column":75},"skip":true},"40":{"start":{"line":129,"column":16},"end":{"line":131,"column":17},"skip":true},"41":{"start":{"line":130,"column":20},"end":{"line":130,"column":27},"skip":true},"42":{"start":{"line":133,"column":16},"end":{"line":137,"column":36},"skip":true},"43":{"start":{"line":134,"column":20},"end":{"line":136,"column":55},"skip":true},"44":{"start":{"line":139,"column":16},"end":{"line":139,"column":57},"skip":true},"45":{"start":{"line":143,"column":8},"end":{"line":147,"column":11},"skip":true},"46":{"start":{"line":144,"column":12},"end":{"line":146,"column":15},"skip":true},"47":{"start":{"line":145,"column":16},"end":{"line":145,"column":70},"skip":true},"48":{"start":{"line":149,"column":8},"end":{"line":149,"column":31},"skip":true},"49":{"start":{"line":150,"column":8},"end":{"line":150,"column":14},"skip":true},"50":{"start":{"line":158,"column":8},"end":{"line":158,"column":31},"skip":true},"51":{"start":{"line":160,"column":8},"end":{"line":160,"column":33},"skip":true},"52":{"start":{"line":161,"column":8},"end":{"line":161,"column":37},"skip":true},"53":{"start":{"line":162,"column":8},"end":{"line":162,"column":35},"skip":true},"54":{"start":{"line":164,"column":8},"end":{"line":164,"column":50},"skip":true},"55":{"start":{"line":166,"column":8},"end":{"line":256,"column":2},"skip":true},"56":{"start":{"line":258,"column":8},"end":{"line":286,"column":9},"skip":true},"57":{"start":{"line":259,"column":12},"end":{"line":269,"column":14},"skip":true},"58":{"start":{"line":271,"column":12},"end":{"line":285,"column":19},"skip":true},"59":{"start":{"line":274,"column":20},"end":{"line":274,"column":35},"skip":true},"60":{"start":{"line":275,"column":20},"end":{"line":284,"column":21},"skip":true},"61":{"start":{"line":277,"column":24},"end":{"line":277,"column":64},"skip":true},"62":{"start":{"line":279,"column":24},"end":{"line":279,"column":40},"skip":true},"63":{"start":{"line":281,"column":24},"end":{"line":281,"column":40},"skip":true},"64":{"start":{"line":283,"column":24},"end":{"line":283,"column":39},"skip":true},"65":{"start":{"line":288,"column":8},"end":{"line":290,"column":9},"skip":true},"66":{"start":{"line":289,"column":12},"end":{"line":289,"column":18},"skip":true},"67":{"start":{"line":291,"column":8},"end":{"line":293,"column":54},"skip":true},"68":{"start":{"line":296,"column":8},"end":{"line":301,"column":37},"skip":true},"69":{"start":{"line":303,"column":8},"end":{"line":303,"column":82},"skip":true},"70":{"start":{"line":306,"column":8},"end":{"line":308,"column":9},"skip":true},"71":{"start":{"line":307,"column":12},"end":{"line":307,"column":82},"skip":true},"72":{"start":{"line":310,"column":8},"end":{"line":312,"column":9},"skip":true},"73":{"start":{"line":311,"column":12},"end":{"line":311,"column":18},"skip":true},"74":{"start":{"line":313,"column":8},"end":{"line":313,"column":54},"skip":true},"75":{"start":{"line":314,"column":8},"end":{"line":314,"column":69},"skip":true},"76":{"start":{"line":315,"column":8},"end":{"line":323,"column":36},"skip":true},"77":{"start":{"line":316,"column":12},"end":{"line":316,"column":61},"skip":true},"78":{"start":{"line":317,"column":12},"end":{"line":320,"column":13},"skip":true},"79":{"start":{"line":318,"column":16},"end":{"line":318,"column":75},"skip":true},"80":{"start":{"line":319,"column":16},"end":{"line":319,"column":23},"skip":true},"81":{"start":{"line":321,"column":12},"end":{"line":321,"column":38},"skip":true},"82":{"start":{"line":322,"column":12},"end":{"line":322,"column":27},"skip":true},"83":{"start":{"line":324,"column":8},"end":{"line":324,"column":14},"skip":true}},"branchMap":{"1":{"line":39,"type":"binary-expr","locations":[{"start":{"line":39,"column":23},"end":{"line":39,"column":62}},{"start":{"line":40,"column":20},"end":{"line":40,"column":70}},{"start":{"line":41,"column":20},"end":{"line":41,"column":71}},{"start":{"line":42,"column":20},"end":{"line":42,"column":29}}]},"2":{"line":44,"type":"binary-expr","locations":[{"start":{"line":44,"column":23},"end":{"line":44,"column":37}},{"start":{"line":45,"column":20},"end":{"line":45,"column":61}},{"start":{"line":46,"column":20},"end":{"line":46,"column":70}},{"start":{"line":47,"column":20},"end":{"line":47,"column":26}}]},"3":{"line":51,"type":"cond-expr","locations":[{"start":{"line":52,"column":14},"end":{"line":52,"column":20}},{"start":{"line":53,"column":14},"end":{"line":53,"column":20}}]},"4":{"line":55,"type":"binary-expr","locations":[{"start":{"line":55,"column":16},"end":{"line":55,"column":44}},{"start":{"line":55,"column":49},"end":{"line":57,"column":43}}]},"5":{"line":55,"type":"cond-expr","locations":[{"start":{"line":56,"column":14},"end":{"line":56,"column":51}},{"start":{"line":57,"column":14},"end":{"line":57,"column":43}}]},"6":{"line":61,"type":"switch","locations":[{"start":{"line":68,"column":4},"end":{"line":150,"column":14},"skip":true},{"start":{"line":156,"column":4},"end":{"line":324,"column":14},"skip":true}]},"7":{"line":70,"type":"if","locations":[{"start":{"line":70,"column":12},"end":{"line":70,"column":12},"skip":true},{"start":{"line":70,"column":12},"end":{"line":70,"column":12},"skip":true}]},"8":{"line":70,"type":"binary-expr","locations":[{"start":{"line":70,"column":16},"end":{"line":70,"column":22},"skip":true},{"start":{"line":70,"column":27},"end":{"line":70,"column":32},"skip":true},{"start":{"line":71,"column":20},"end":{"line":71,"column":39},"skip":true},{"start":{"line":72,"column":20},"end":{"line":72,"column":49},"skip":true},{"start":{"line":73,"column":20},"end":{"line":73,"column":58},"skip":true},{"start":{"line":74,"column":20},"end":{"line":74,"column":69},"skip":true}]},"9":{"line":79,"type":"switch","locations":[{"start":{"line":80,"column":20},"end":{"line":80,"column":33},"skip":true},{"start":{"line":81,"column":20},"end":{"line":83,"column":30},"skip":true},{"start":{"line":84,"column":20},"end":{"line":85,"column":49},"skip":true}]},"10":{"line":89,"type":"switch","locations":[{"start":{"line":90,"column":12},"end":{"line":103,"column":22},"skip":true},{"start":{"line":105,"column":12},"end":{"line":106,"column":22},"skip":true}]},"11":{"line":89,"type":"binary-expr","locations":[{"start":{"line":89,"column":20},"end":{"line":89,"column":25},"skip":true},{"start":{"line":89,"column":29},"end":{"line":89,"column":48},"skip":true},{"start":{"line":89,"column":52},"end":{"line":89,"column":74},"skip":true}]},"12":{"line":92,"type":"if","locations":[{"start":{"line":92,"column":16},"end":{"line":92,"column":16},"skip":true},{"start":{"line":92,"column":16},"end":{"line":92,"column":16},"skip":true}]},"13":{"line":108,"type":"if","locations":[{"start":{"line":108,"column":12},"end":{"line":108,"column":12},"skip":true},{"start":{"line":108,"column":12},"end":{"line":108,"column":12},"skip":true}]},"14":{"line":108,"type":"binary-expr","locations":[{"start":{"line":108,"column":16},"end":{"line":108,"column":61},"skip":true},{"start":{"line":108,"column":66},"end":{"line":108,"column":72},"skip":true},{"start":{"line":108,"column":77},"end":{"line":108,"column":82},"skip":true},{"start":{"line":109,"column":20},"end":{"line":109,"column":39},"skip":true},{"start":{"line":110,"column":20},"end":{"line":110,"column":49},"skip":true},{"start":{"line":111,"column":20},"end":{"line":111,"column":58},"skip":true},{"start":{"line":112,"column":20},"end":{"line":112,"column":68},"skip":true}]},"15":{"line":129,"type":"if","locations":[{"start":{"line":129,"column":16},"end":{"line":129,"column":16},"skip":true},{"start":{"line":129,"column":16},"end":{"line":129,"column":16},"skip":true}]},"16":{"line":134,"type":"cond-expr","locations":[{"start":{"line":135,"column":26},"end":{"line":135,"column":29},"skip":true},{"start":{"line":136,"column":26},"end":{"line":136,"column":54},"skip":true}]},"17":{"line":164,"type":"binary-expr","locations":[{"start":{"line":164,"column":27},"end":{"line":164,"column":43},"skip":true},{"start":{"line":164,"column":47},"end":{"line":164,"column":49},"skip":true}]},"18":{"line":258,"type":"if","locations":[{"start":{"line":258,"column":8},"end":{"line":258,"column":8},"skip":true},{"start":{"line":258,"column":8},"end":{"line":258,"column":8},"skip":true}]},"19":{"line":275,"type":"switch","locations":[{"start":{"line":276,"column":20},"end":{"line":277,"column":64},"skip":true},{"start":{"line":278,"column":20},"end":{"line":279,"column":40},"skip":true},{"start":{"line":280,"column":20},"end":{"line":281,"column":40},"skip":true},{"start":{"line":282,"column":20},"end":{"line":283,"column":39},"skip":true}]},"20":{"line":288,"type":"if","locations":[{"start":{"line":288,"column":8},"end":{"line":288,"column":8},"skip":true},{"start":{"line":288,"column":8},"end":{"line":288,"column":8},"skip":true}]},"21":{"line":288,"type":"binary-expr","locations":[{"start":{"line":288,"column":12},"end":{"line":288,"column":40},"skip":true},{"start":{"line":288,"column":44},"end":{"line":288,"column":67},"skip":true}]},"22":{"line":292,"type":"binary-expr","locations":[{"start":{"line":292,"column":12},"end":{"line":292,"column":50},"skip":true},{"start":{"line":293,"column":12},"end":{"line":293,"column":53},"skip":true}]},"23":{"line":297,"type":"binary-expr","locations":[{"start":{"line":297,"column":12},"end":{"line":297,"column":65},"skip":true},{"start":{"line":298,"column":12},"end":{"line":301,"column":36},"skip":true}]},"24":{"line":303,"type":"binary-expr","locations":[{"start":{"line":303,"column":43},"end":{"line":303,"column":75},"skip":true},{"start":{"line":303,"column":79},"end":{"line":303,"column":81},"skip":true}]},"25":{"line":306,"type":"if","locations":[{"start":{"line":306,"column":8},"end":{"line":306,"column":8},"skip":true},{"start":{"line":306,"column":8},"end":{"line":306,"column":8},"skip":true}]},"26":{"line":310,"type":"if","locations":[{"start":{"line":310,"column":8},"end":{"line":310,"column":8},"skip":true},{"start":{"line":310,"column":8},"end":{"line":310,"column":8},"skip":true}]},"27":{"line":313,"type":"binary-expr","locations":[{"start":{"line":313,"column":27},"end":{"line":313,"column":43},"skip":true},{"start":{"line":313,"column":47},"end":{"line":313,"column":53},"skip":true}]},"28":{"line":317,"type":"if","locations":[{"start":{"line":317,"column":12},"end":{"line":317,"column":12},"skip":true},{"start":{"line":317,"column":12},"end":{"line":317,"column":12},"skip":true}]}},"code":["/*","example.js","","quickstart example","","instruction","    1. save this script as example.js","    2. run the shell command:","        $ npm install npmtest-require && PORT=8081 node example.js","    3. play with the browser-demo on http://127.0.0.1:8081","*/","","","","/* istanbul instrument in package npmtest_require */","/*jslint","    bitwise: true,","    browser: true,","    maxerr: 8,","    maxlen: 96,","    node: true,","    nomen: true,","    regexp: true,","    stupid: true","*/","(function () {","    'use strict';","    var local;","","","","    // run shared js-env code - pre-init","    (function () {","        // init local","        local = {};","        // init modeJs","        local.modeJs = (function () {","            try {","                return typeof navigator.userAgent === 'string' &&","                    typeof document.querySelector('body') === 'object' &&","                    typeof XMLHttpRequest.prototype.open === 'function' &&","                    'browser';","            } catch (errorCaughtBrowser) {","                return module.exports &&","                    typeof process.versions.node === 'string' &&","                    typeof require('http').createServer === 'function' &&","                    'node';","            }","        }());","        // init global","        local.global = local.modeJs === 'browser'","            ? window","            : global;","        // init utility2_rollup","        local = local.global.utility2_rollup || (local.modeJs === 'browser'","            ? local.global.utility2_npmtest_require","            : global.utility2_moduleExports);","        // export local","        local.global.local = local;","    }());","    switch (local.modeJs) {","","","","    // post-init","    // run browser js-env code - post-init","    /* istanbul ignore next */","    case 'browser':","        local.testRunBrowser = function (event) {","            if (!event || (event &&","                    event.currentTarget &&","                    event.currentTarget.className &&","                    event.currentTarget.className.includes &&","                    event.currentTarget.className.includes('onreset'))) {","                // reset output","                Array.from(","                    document.querySelectorAll('body > .resettable')","                ).forEach(function (element) {","                    switch (element.tagName) {","                    case 'INPUT':","                    case 'TEXTAREA':","                        element.value = '';","                        break;","                    default:","                        element.textContent = '';","                    }","                });","            }","            switch (event && event.currentTarget && event.currentTarget.id) {","            case 'testRunButton1':","                // show tests","                if (document.querySelector('#testReportDiv1').style.display === 'none') {","                    document.querySelector('#testReportDiv1').style.display = 'block';","                    document.querySelector('#testRunButton1').textContent =","                        'hide internal test';","                    local.modeTest = true;","                    local.testRunDefault(local);","                // hide tests","                } else {","                    document.querySelector('#testReportDiv1').style.display = 'none';","                    document.querySelector('#testRunButton1').textContent = 'run internal test';","                }","                break;","            // custom-case","            default:","                break;","            }","            if (document.querySelector('#inputTextareaEval1') && (!event || (event &&","                    event.currentTarget &&","                    event.currentTarget.className &&","                    event.currentTarget.className.includes &&","                    event.currentTarget.className.includes('oneval')))) {","                // try to eval input-code","                try {","                    /*jslint evil: true*/","                    eval(document.querySelector('#inputTextareaEval1').value);","                } catch (errorCaught) {","                    console.error(errorCaught);","                }","            }","        };","        // log stderr and stdout to #outputTextareaStdout1","        ['error', 'log'].forEach(function (key) {","            console[key + '_original'] = console[key];","            console[key] = function () {","                var element;","                console[key + '_original'].apply(console, arguments);","                element = document.querySelector('#outputTextareaStdout1');","                if (!element) {","                    return;","                }","                // append text to #outputTextareaStdout1","                element.value += Array.from(arguments).map(function (arg) {","                    return typeof arg === 'string'","                        ? arg","                        : JSON.stringify(arg, null, 4);","                }).join(' ') + '\\n';","                // scroll textarea to bottom","                element.scrollTop = element.scrollHeight;","            };","        });","        // init event-handling","        ['change', 'click', 'keyup'].forEach(function (event) {","            Array.from(document.querySelectorAll('.on' + event)).forEach(function (element) {","                element.addEventListener(event, local.testRunBrowser);","            });","        });","        // run tests","        local.testRunBrowser();","        break;","","","","    // run node js-env code - post-init","    /* istanbul ignore next */","    case 'node':","        // export local","        module.exports = local;","        // require modules","        local.fs = require('fs');","        local.http = require('http');","        local.url = require('url');","        // init assets","        local.assetsDict = local.assetsDict || {};","        /* jslint-ignore-begin */","        local.assetsDict['/assets.index.template.html'] = '\\","<!doctype html>\\n\\","<html lang=\"en\">\\n\\","<head>\\n\\","<meta charset=\"UTF-8\">\\n\\","<meta name=\"viewport\" content=\"width=device-width, initial-scale=1\">\\n\\","<title>{{env.npm_package_name}} (v{{env.npm_package_version}})</title>\\n\\","<style>\\n\\","/*csslint\\n\\","    box-sizing: false,\\n\\","    universal-selector: false\\n\\","*/\\n\\","* {\\n\\","    box-sizing: border-box;\\n\\","}\\n\\","body {\\n\\","    background: #dde;\\n\\","    font-family: Arial, Helvetica, sans-serif;\\n\\","    margin: 2rem;\\n\\","}\\n\\","body > * {\\n\\","    margin-bottom: 1rem;\\n\\","}\\n\\",".utility2FooterDiv {\\n\\","    margin-top: 20px;\\n\\","    text-align: center;\\n\\","}\\n\\","</style>\\n\\","<style>\\n\\","/*csslint\\n\\","*/\\n\\","textarea {\\n\\","    font-family: monospace;\\n\\","    height: 10rem;\\n\\","    width: 100%;\\n\\","}\\n\\","textarea[readonly] {\\n\\","    background: #ddd;\\n\\","}\\n\\","</style>\\n\\","</head>\\n\\","<body>\\n\\","<!-- utility2-comment\\n\\","<div id=\"ajaxProgressDiv1\" style=\"background: #d00; height: 2px; left: 0; margin: 0; padding: 0; position: fixed; top: 0; transition: background 0.5s, width 1.5s; width: 25%;\"></div>\\n\\","utility2-comment -->\\n\\","<h1>\\n\\","<!-- utility2-comment\\n\\","    <a\\n\\","        {{#if env.npm_package_homepage}}\\n\\","        href=\"{{env.npm_package_homepage}}\"\\n\\","        {{/if env.npm_package_homepage}}\\n\\","        target=\"_blank\"\\n\\","    >\\n\\","utility2-comment -->\\n\\","        {{env.npm_package_name}} (v{{env.npm_package_version}})\\n\\","<!-- utility2-comment\\n\\","    </a>\\n\\","utility2-comment -->\\n\\","</h1>\\n\\","<h3>{{env.npm_package_description}}</h3>\\n\\","<!-- utility2-comment\\n\\","<h4><a download href=\"assets.app.js\">download standalone app</a></h4>\\n\\","<button class=\"onclick onreset\" id=\"testRunButton1\">run internal test</button><br>\\n\\","<div id=\"testReportDiv1\" style=\"display: none;\"></div>\\n\\","utility2-comment -->\\n\\","\\n\\","\\n\\","\\n\\","<label>stderr and stdout</label>\\n\\","<textarea class=\"resettable\" id=\"outputTextareaStdout1\" readonly></textarea>\\n\\","<!-- utility2-comment\\n\\","{{#if isRollup}}\\n\\","<script src=\"assets.app.js\"></script>\\n\\","{{#unless isRollup}}\\n\\","utility2-comment -->\\n\\","<script src=\"assets.utility2.rollup.js\"></script>\\n\\","<script src=\"jsonp.utility2._stateInit?callback=window.utility2._stateInit\"></script>\\n\\","<script src=\"assets.npmtest_require.rollup.js\"></script>\\n\\","<script src=\"assets.example.js\"></script>\\n\\","<script src=\"assets.test.js\"></script>\\n\\","<!-- utility2-comment\\n\\","{{/if isRollup}}\\n\\","utility2-comment -->\\n\\","<div class=\"utility2FooterDiv\">\\n\\","    [ this app was created with\\n\\","    <a href=\"https://github.com/kaizhu256/node-utility2\" target=\"_blank\">utility2</a>\\n\\","    ]\\n\\","</div>\\n\\","</body>\\n\\","</html>\\n\\","';","        /* jslint-ignore-end */","        if (local.templateRender) {","            local.assetsDict['/'] = local.templateRender(","                local.assetsDict['/assets.index.template.html'],","                {","                    env: local.objectSetDefault(local.env, {","                        npm_package_description: 'the greatest app in the world!',","                        npm_package_name: 'my-app',","                        npm_package_nameAlias: 'my_app',","                        npm_package_version: '0.0.1'","                    })","                }","            );","        } else {","            local.assetsDict['/'] = local.assetsDict['/assets.index.template.html']","                .replace((/\\{\\{env\\.(\\w+?)\\}\\}/g), function (match0, match1) {","                    // jslint-hack","                    String(match0);","                    switch (match1) {","                    case 'npm_package_description':","                        return 'the greatest app in the world!';","                    case 'npm_package_name':","                        return 'my-app';","                    case 'npm_package_nameAlias':","                        return 'my_app';","                    case 'npm_package_version':","                        return '0.0.1';","                    }","                });","        }","        // run the cli","        if (local.global.utility2_rollup || module !== require.main) {","            break;","        }","        local.assetsDict['/assets.example.js'] =","            local.assetsDict['/assets.example.js'] ||","            local.fs.readFileSync(__filename, 'utf8');","        // bug-workaround - long $npm_package_buildCustomOrg","        /* jslint-ignore-begin */","        local.assetsDict['/assets.npmtest_require.rollup.js'] =","            local.assetsDict['/assets.npmtest_require.rollup.js'] ||","            local.fs.readFileSync(","                local.npmtest_require.__dirname + '/lib.npmtest_require.js',","                'utf8'","            ).replace((/^#!/), '//');","        /* jslint-ignore-end */","        local.assetsDict['/favicon.ico'] = local.assetsDict['/favicon.ico'] || '';","        // if $npm_config_timeout_exit exists,","        // then exit this process after $npm_config_timeout_exit ms","        if (Number(process.env.npm_config_timeout_exit)) {","            setTimeout(process.exit, Number(process.env.npm_config_timeout_exit));","        }","        // start server","        if (local.global.utility2_serverHttp1) {","            break;","        }","        process.env.PORT = process.env.PORT || '8081';","        console.error('server starting on port ' + process.env.PORT);","        local.http.createServer(function (request, response) {","            request.urlParsed = local.url.parse(request.url);","            if (local.assetsDict[request.urlParsed.pathname] !== undefined) {","                response.end(local.assetsDict[request.urlParsed.pathname]);","                return;","            }","            response.statusCode = 404;","            response.end();","        }).listen(process.env.PORT);","        break;","    }","}());",""],"l":{"26":2,"28":2,"33":2,"35":2,"37":2,"38":2,"39":2,"44":1,"51":2,"55":2,"59":2,"61":2,"69":1,"70":2,"76":2,"79":2,"82":2,"83":2,"85":1,"89":2,"92":1,"93":1,"94":1,"96":1,"97":1,"100":1,"101":1,"103":1,"106":1,"108":2,"114":1,"116":1,"118":1,"123":1,"124":2,"125":2,"126":3,"127":3,"128":3,"129":3,"130":1,"133":3,"134":3,"139":3,"143":1,"144":3,"145":1,"149":1,"150":1,"158":1,"160":1,"161":1,"162":1,"164":1,"166":1,"258":1,"259":1,"271":1,"274":6,"275":6,"277":1,"279":2,"281":1,"283":2,"288":1,"289":1,"291":1,"296":1,"303":1,"306":1,"307":1,"310":1,"311":1,"313":1,"314":1,"315":1,"316":1,"317":1,"318":1,"319":1,"321":1,"322":1,"324":1}},"/home/travis/build/npmtest/node-npmtest-require/node_modules/require/compiler.js":{"path":"/home/travis/build/npmtest/node-npmtest-require/node_modules/require/compiler.js","s":{"1":1,"2":1,"3":1,"4":1,"5":1,"6":1,"7":1,"8":1,"9":1,"10":0,"11":0,"12":0,"13":0,"14":1,"15":0,"16":0,"17":1,"18":0,"19":0,"20":0,"21":0,"22":0,"23":0,"24":0,"25":0,"26":1,"27":0,"28":0,"29":0,"30":0,"31":0,"32":0,"33":1,"34":0,"35":0,"36":0,"37":0,"38":0,"39":1,"40":0,"41":0,"42":0,"43":0,"44":0,"45":1,"46":0,"47":0,"48":0,"49":0,"50":0,"51":0,"52":0,"53":0,"54":0,"55":0,"56":0,"57":0,"58":0,"59":0,"60":0,"61":0,"62":1,"63":0,"64":0,"65":0,"66":0,"67":0,"68":0,"69":0},"b":{"1":[0,0],"2":[0,0],"3":[0,0],"4":[0,0]},"f":{"1":0,"2":0,"3":0,"4":0,"5":0,"6":0,"7":0,"8":0,"9":0,"10":0,"11":0},"fnMap":{"1":{"name":"compileFile","line":17,"loc":{"start":{"line":17,"column":0},"end":{"line":17,"column":37}}},"2":{"name":"compileCode","line":24,"loc":{"start":{"line":24,"column":0},"end":{"line":24,"column":33}}},"3":{"name":"compileHTMLFile","line":29,"loc":{"start":{"line":29,"column":0},"end":{"line":29,"column":41}}},"4":{"name":"(anonymous_4)","line":43,"loc":{"start":{"line":43,"column":15},"end":{"line":43,"column":48}}},"5":{"name":"(anonymous_5)","line":97,"loc":{"start":{"line":97,"column":21},"end":{"line":97,"column":58}}},"6":{"name":"(anonymous_6)","line":105,"loc":{"start":{"line":105,"column":31},"end":{"line":105,"column":55}}},"7":{"name":"(anonymous_7)","line":106,"loc":{"start":{"line":106,"column":15},"end":{"line":106,"column":39}}},"8":{"name":"(anonymous_8)","line":115,"loc":{"start":{"line":115,"column":32},"end":{"line":115,"column":78}}},"9":{"name":"(anonymous_9)","line":123,"loc":{"start":{"line":123,"column":25},"end":{"line":123,"column":52}}},"10":{"name":"(anonymous_10)","line":144,"loc":{"start":{"line":144,"column":21},"end":{"line":144,"column":39}}},"11":{"name":"(anonymous_11)","line":145,"loc":{"start":{"line":145,"column":25},"end":{"line":145,"column":46}}}},"statementMap":{"1":{"start":{"line":1,"column":0},"end":{"line":1,"column":22}},"2":{"start":{"line":2,"column":0},"end":{"line":2,"column":26}},"3":{"start":{"line":3,"column":0},"end":{"line":3,"column":34}},"4":{"start":{"line":4,"column":0},"end":{"line":4,"column":30}},"5":{"start":{"line":5,"column":0},"end":{"line":5,"column":38}},"6":{"start":{"line":6,"column":0},"end":{"line":6,"column":38}},"7":{"start":{"line":7,"column":0},"end":{"line":7,"column":64}},"8":{"start":{"line":9,"column":0},"end":{"line":13,"column":1}},"9":{"start":{"line":17,"column":0},"end":{"line":22,"column":1}},"10":{"start":{"line":18,"column":1},"end":{"line":18,"column":34}},"11":{"start":{"line":19,"column":1},"end":{"line":19,"column":72}},"12":{"start":{"line":20,"column":1},"end":{"line":20,"column":29}},"13":{"start":{"line":21,"column":1},"end":{"line":21,"column":38}},"14":{"start":{"line":24,"column":0},"end":{"line":27,"column":1}},"15":{"start":{"line":25,"column":1},"end":{"line":25,"column":63}},"16":{"start":{"line":26,"column":1},"end":{"line":26,"column":69}},"17":{"start":{"line":29,"column":0},"end":{"line":40,"column":1}},"18":{"start":{"line":30,"column":1},"end":{"line":30,"column":48}},"19":{"start":{"line":31,"column":1},"end":{"line":38,"column":2}},"20":{"start":{"line":32,"column":2},"end":{"line":32,"column":49}},"21":{"start":{"line":34,"column":2},"end":{"line":34,"column":79}},"22":{"start":{"line":35,"column":2},"end":{"line":35,"column":51}},"23":{"start":{"line":36,"column":2},"end":{"line":36,"column":58}},"24":{"start":{"line":37,"column":2},"end":{"line":37,"column":55}},"25":{"start":{"line":39,"column":1},"end":{"line":39,"column":12}},"26":{"start":{"line":43,"column":0},"end":{"line":93,"column":1}},"27":{"start":{"line":44,"column":1},"end":{"line":44,"column":108}},"28":{"start":{"line":45,"column":1},"end":{"line":45,"column":43}},"29":{"start":{"line":45,"column":30},"end":{"line":45,"column":42}},"30":{"start":{"line":47,"column":1},"end":{"line":47,"column":36}},"31":{"start":{"line":48,"column":1},"end":{"line":90,"column":3}},"32":{"start":{"line":92,"column":1},"end":{"line":92,"column":19}},"33":{"start":{"line":97,"column":0},"end":{"line":103,"column":1}},"34":{"start":{"line":98,"column":1},"end":{"line":98,"column":27}},"35":{"start":{"line":99,"column":1},"end":{"line":99,"column":63}},"36":{"start":{"line":100,"column":1},"end":{"line":100,"column":31}},"37":{"start":{"line":101,"column":1},"end":{"line":101,"column":47}},"38":{"start":{"line":102,"column":1},"end":{"line":102,"column":12}},"39":{"start":{"line":105,"column":0},"end":{"line":113,"column":1}},"40":{"start":{"line":106,"column":1},"end":{"line":111,"column":3}},"41":{"start":{"line":107,"column":2},"end":{"line":107,"column":90}},"42":{"start":{"line":108,"column":2},"end":{"line":108,"column":69}},"43":{"start":{"line":110,"column":2},"end":{"line":110,"column":55}},"44":{"start":{"line":112,"column":1},"end":{"line":112,"column":12}},"45":{"start":{"line":115,"column":0},"end":{"line":142,"column":1}},"46":{"start":{"line":116,"column":1},"end":{"line":116,"column":51}},"47":{"start":{"line":118,"column":1},"end":{"line":121,"column":2}},"48":{"start":{"line":119,"column":2},"end":{"line":119,"column":28}},"49":{"start":{"line":120,"column":2},"end":{"line":120,"column":8}},"50":{"start":{"line":123,"column":1},"end":{"line":139,"column":3}},"51":{"start":{"line":124,"column":2},"end":{"line":124,"column":76}},"52":{"start":{"line":126,"column":2},"end":{"line":128,"column":3}},"53":{"start":{"line":127,"column":3},"end":{"line":127,"column":110}},"54":{"start":{"line":130,"column":2},"end":{"line":130,"column":87}},"55":{"start":{"line":132,"column":2},"end":{"line":138,"column":3}},"56":{"start":{"line":133,"column":3},"end":{"line":133,"column":32}},"57":{"start":{"line":134,"column":3},"end":{"line":134,"column":48}},"58":{"start":{"line":135,"column":3},"end":{"line":135,"column":45}},"59":{"start":{"line":136,"column":3},"end":{"line":136,"column":80}},"60":{"start":{"line":137,"column":3},"end":{"line":137,"column":30}},"61":{"start":{"line":141,"column":1},"end":{"line":141,"column":27}},"62":{"start":{"line":144,"column":0},"end":{"line":162,"column":1}},"63":{"start":{"line":145,"column":1},"end":{"line":153,"column":2}},"64":{"start":{"line":146,"column":2},"end":{"line":152,"column":14}},"65":{"start":{"line":155,"column":1},"end":{"line":155,"column":27}},"66":{"start":{"line":156,"column":1},"end":{"line":158,"column":2}},"67":{"start":{"line":157,"column":2},"end":{"line":157,"column":55}},"68":{"start":{"line":159,"column":1},"end":{"line":159,"column":54}},"69":{"start":{"line":161,"column":1},"end":{"line":161,"column":38}}},"branchMap":{"1":{"line":45,"type":"if","locations":[{"start":{"line":45,"column":1},"end":{"line":45,"column":1}},{"start":{"line":45,"column":1},"end":{"line":45,"column":1}}]},"2":{"line":118,"type":"if","locations":[{"start":{"line":118,"column":1},"end":{"line":118,"column":1}},{"start":{"line":118,"column":1},"end":{"line":118,"column":1}}]},"3":{"line":126,"type":"if","locations":[{"start":{"line":126,"column":2},"end":{"line":126,"column":2}},{"start":{"line":126,"column":2},"end":{"line":126,"column":2}}]},"4":{"line":132,"type":"if","locations":[{"start":{"line":132,"column":2},"end":{"line":132,"column":2}},{"start":{"line":132,"column":2},"end":{"line":132,"column":2}}]}},"code":["var fs = require('fs')","var path = require('path')","var extend = require('std/extend')","var each = require('std/each')","var getCode = require('./lib/getCode')","var resolve = require('./lib/resolve')","var getRequireStatements = require('./lib/getRequireStatements')","","module.exports = {","\tcompile: compileFile,","\tcompileHTML: compileHTMLFile,","\tcompileCode: compileCode","}","","/* api"," *****/","function compileFile(filePath, opts) {","\tfilePath = path.resolve(filePath)","\topts = extend(opts, { basePath:path.dirname(filePath), toplevel:true })","\tvar code = getCode(filePath)","\treturn _compile(code, opts, filePath)","}","","function compileCode(code, opts) {","\topts = extend(opts, { basePath:process.cwd(), toplevel:true })","\treturn _compile(code, opts, '<code passed into compiler.compile()>')","}","","function compileHTMLFile(filePath, opts) {","\tvar html = fs.readFileSync(filePath).toString()","\twhile (match = html.match(/<script src=\"\\/require\\/([\\/\\w\\.]+)\"><\\/script>/)) {","\t\tvar js = compileFile(match[1].toString(), opts)","\t\t","\t\tvar BACKREFERENCE_WORKAROUND = '____________backreference_workaround________'","\t\tjs = js.replace('\\$\\&', BACKREFERENCE_WORKAROUND)","\t\thtml = html.replace(match[0], '<script>'+js+'</script>')","\t\thtml = html.replace(BACKREFERENCE_WORKAROUND, '\\$\\&')","\t}","\treturn html","}","","","var _compile = function(code, opts, mainModule) {","\tvar code = 'var __require__ = {}, require=function(){}\\n' + _compileModule(code, opts.basePath, mainModule)","\tif (opts.minify === false) { return code } // TODO use uglifyjs' beautifier?","","\tvar UglifyJS = require('uglify-js')","\tvar result = UglifyJS.minify(code, {","\t\tfromString:true,","\t\tmangle:true,","\t\toutput: {","\t\t\t// http://lisperator.net/uglifyjs/codegen","\t\t\tindent_start  : 0,     // start indentation on every line (only when `beautify`)","\t\t\tindent_level  : 4,     // indentation level (only when `beautify`)","\t\t\tquote_keys    : false, // quote all keys in object literals?","\t\t\tspace_colon   : true,  // add a space after colon signs?","\t\t\tascii_only    : false, // output ASCII-safe? (encodes Unicode characters as ASCII)","\t\t\tinline_script : false, // escape \"</script\"?","\t\t\twidth         : 80,    // informative maximum line width (for beautified output)","\t\t\tmax_line_len  : 200, // maximum line length (for non-beautified output)","\t\t\tie_proof      : true,  // output IE-safe code?","\t\t\tbeautify      : false, // beautify output?","\t\t\tsource_map    : null,  // output a source map","\t\t\tbracketize    : false, // use brackets every time?","\t\t\tcomments      : false, // output comments?","\t\t\tsemicolons    : true  // use semicolons to separate statements? (otherwise, newlines)","\t\t},","\t\tcompress: {","\t\t\t// http://lisperator.net/uglifyjs/compress","\t\t\tsequences     : true,  // join consecutive statemets with the “comma operator”","\t\t\tproperties    : true,  // optimize property access: a[\"foo\"] → a.foo","\t\t\tdead_code     : true,  // discard unreachable code","\t\t\tdrop_debugger : true,  // discard “debugger” statements","\t\t\tunsafe        : false, // some unsafe optimizations (see below)","\t\t\tconditionals  : true,  // optimize if-s and conditional expressions","\t\t\tcomparisons   : true,  // optimize comparisons","\t\t\tevaluate      : true,  // evaluate constant expressions","\t\t\tbooleans      : true,  // optimize boolean expressions","\t\t\tloops         : true,  // optimize loops","\t\t\tunused        : true,  // drop unused variables/functions","\t\t\thoist_funs    : true,  // hoist function declarations","\t\t\thoist_vars    : false, // hoist variable declarations","\t\t\tif_return     : true,  // optimize if-s followed by return/continue","\t\t\tjoin_vars     : true,  // join var declarations","\t\t\tcascade       : true,  // try to cascade `right` into `left` in sequences","\t\t\tside_effects  : true,  // drop side-effect-free statements","\t\t\twarnings      : false, // warn about potentially dangerous optimizations/code","\t\t\tglobal_defs   : {}     // global definitions","\t\t}","\t})","\t// also see result.map","\treturn result.code","}","","/* util"," ******/","var _compileModule = function(code, pathBase, mainModule) {","\tvar modules = [mainModule]","\t_replaceRequireStatements(mainModule, code, modules, pathBase)","\tcode = _concatModules(modules)","\tcode = _minifyRequireStatements(code, modules)","\treturn code","}","","var _minifyRequireStatements = function(code, modules) {","\teach(modules, function(modulePath, i) {","\t\tvar escapedPath = modulePath.replace(/\\//g, '\\\\/').replace('(','\\\\(').replace(')','\\\\)')","\t\tvar regex = new RegExp('__require__\\\\[\"'+ escapedPath +'\"\\\\]', 'g')","\t\t","\t\tcode = code.replace(regex, '__require__[\"_'+ i +'\"]')","\t})","\treturn code","}","","var _replaceRequireStatements = function(modulePath, code, modules, pathBase) {","\tvar requireStatements = getRequireStatements(code)","","\tif (!requireStatements.length) {","\t\tmodules[modulePath] = code","\t\treturn","\t}","","\teach(requireStatements, function(requireStatement) {","\t\tvar subModulePath = resolve.requireStatement(requireStatement, modulePath)","","\t\tif (!subModulePath) {","\t\t\tthrow new Error(\"Require Compiler Error: Cannot find module '\"+ rawModulePath +\"' (in '\"+ modulePath +\"')\")","\t\t}","","\t\tcode = code.replace(requireStatement, '__require__[\"' + subModulePath + '\"].exports')","\t\t","\t\tif (!modules[subModulePath]) {","\t\t\tmodules[subModulePath] = true","\t\t\tvar newPathBase = path.dirname(subModulePath)","\t\t\tvar newModuleCode = getCode(subModulePath)","\t\t\t_replaceRequireStatements(subModulePath, newModuleCode, modules, newPathBase)","\t\t\tmodules.push(subModulePath)","\t\t}","\t})","","\tmodules[modulePath] = code","}","","var _concatModules = function(modules) {","\tvar getClosuredModule = function(modulePath) {","\t\treturn [","\t\t\t';(function() {',","\t\t\t'\t// ' + modulePath,","\t\t\t'\tvar module = __require__[\"'+modulePath+'\"] = {exports:{}}, exports = module.exports;',","\t\t\tmodules[modulePath],","\t\t\t'})()'","\t\t].join('\\n')","\t}","","\tvar moduleDefinitions = []","\tfor (var i=1, modulePath; modulePath = modules[i]; i++) {","\t\tmoduleDefinitions.push(getClosuredModule(modulePath))","\t}","\tmoduleDefinitions.push(getClosuredModule(modules[0])) // __main__","","\treturn moduleDefinitions.join('\\n\\n')","}",""],"l":{"1":1,"2":1,"3":1,"4":1,"5":1,"6":1,"7":1,"9":1,"17":1,"18":0,"19":0,"20":0,"21":0,"24":1,"25":0,"26":0,"29":1,"30":0,"31":0,"32":0,"34":0,"35":0,"36":0,"37":0,"39":0,"43":1,"44":0,"45":0,"47":0,"48":0,"92":0,"97":1,"98":0,"99":0,"100":0,"101":0,"102":0,"105":1,"106":0,"107":0,"108":0,"110":0,"112":0,"115":1,"116":0,"118":0,"119":0,"120":0,"123":0,"124":0,"126":0,"127":0,"130":0,"132":0,"133":0,"134":0,"135":0,"136":0,"137":0,"141":0,"144":1,"145":0,"146":0,"155":0,"156":0,"157":0,"159":0,"161":0}},"/home/travis/build/npmtest/node-npmtest-require/node_modules/require/lib/getCode.js":{"path":"/home/travis/build/npmtest/node-npmtest-require/node_modules/require/lib/getCode.js","s":{"1":1,"2":1,"3":0,"4":0,"5":0},"b":{"1":[0,0]},"f":{"1":0},"fnMap":{"1":{"name":"readCode","line":3,"loc":{"start":{"line":3,"column":17},"end":{"line":3,"column":45}}}},"statementMap":{"1":{"start":{"line":1,"column":0},"end":{"line":1,"column":22}},"2":{"start":{"line":3,"column":0},"end":{"line":6,"column":1}},"3":{"start":{"line":4,"column":1},"end":{"line":4,"column":52}},"4":{"start":{"line":4,"column":33},"end":{"line":4,"column":51}},"5":{"start":{"line":5,"column":1},"end":{"line":5,"column":44}}},"branchMap":{"1":{"line":4,"type":"if","locations":[{"start":{"line":4,"column":1},"end":{"line":4,"column":1}},{"start":{"line":4,"column":1},"end":{"line":4,"column":1}}]}},"code":["var fs = require('fs')","","module.exports = function readCode(filePath) {","\tif (!filePath.match(/\\.js$/)) { filePath += '.js' }","\treturn fs.readFileSync(filePath).toString()","}"],"l":{"1":1,"3":1,"4":0,"5":0}},"/home/travis/build/npmtest/node-npmtest-require/node_modules/require/lib/resolve.js":{"path":"/home/travis/build/npmtest/node-npmtest-require/node_modules/require/lib/resolve.js","s":{"1":1,"2":1,"3":1,"4":1,"5":1,"6":1,"7":1,"8":0,"9":0,"10":0,"11":0,"12":0,"13":0,"14":0,"15":0,"16":0,"17":0,"18":0,"19":0,"20":1,"21":1,"22":0,"23":0,"24":0,"25":0,"26":0,"27":0,"28":0,"29":0,"30":0,"31":0,"32":1,"33":0,"34":1,"35":0,"36":0,"37":0,"38":0,"39":0,"40":0,"41":0,"42":0,"43":0,"44":0,"45":0,"46":0,"47":0},"b":{"1":[1,0],"2":[0,1],"3":[0,0],"4":[0,0],"5":[0,0],"6":[0,0],"7":[0,0,0],"8":[0,0],"9":[0,0],"10":[0,0],"11":[0,0],"12":[0,0]},"f":{"1":0,"2":0,"3":0,"4":0},"fnMap":{"1":{"name":"resolvePath","line":14,"loc":{"start":{"line":14,"column":0},"end":{"line":14,"column":43}}},"2":{"name":"resolveRequireStatement","line":39,"loc":{"start":{"line":39,"column":0},"end":{"line":39,"column":60}}},"3":{"name":"_findModuleMain","line":54,"loc":{"start":{"line":54,"column":0},"end":{"line":54,"column":53}}},"4":{"name":"attempt","line":56,"loc":{"start":{"line":56,"column":1},"end":{"line":56,"column":25}}}},"statementMap":{"1":{"start":{"line":1,"column":0},"end":{"line":1,"column":26}},"2":{"start":{"line":2,"column":0},"end":{"line":2,"column":22}},"3":{"start":{"line":3,"column":0},"end":{"line":3,"column":49}},"4":{"start":{"line":5,"column":0},"end":{"line":5,"column":80}},"5":{"start":{"line":6,"column":0},"end":{"line":6,"column":30}},"6":{"start":{"line":8,"column":0},"end":{"line":12,"column":1}},"7":{"start":{"line":14,"column":0},"end":{"line":36,"column":1}},"8":{"start":{"line":15,"column":1},"end":{"line":18,"column":2}},"9":{"start":{"line":17,"column":2},"end":{"line":17,"column":60}},"10":{"start":{"line":20,"column":1},"end":{"line":20,"column":40}},"11":{"start":{"line":21,"column":1},"end":{"line":21,"column":56}},"12":{"start":{"line":22,"column":1},"end":{"line":22,"column":31}},"13":{"start":{"line":23,"column":1},"end":{"line":23,"column":33}},"14":{"start":{"line":27,"column":1},"end":{"line":27,"column":85}},"15":{"start":{"line":28,"column":1},"end":{"line":28,"column":38}},"16":{"start":{"line":28,"column":19},"end":{"line":28,"column":37}},"17":{"start":{"line":30,"column":1},"end":{"line":33,"column":2}},"18":{"start":{"line":32,"column":2},"end":{"line":32,"column":62}},"19":{"start":{"line":35,"column":1},"end":{"line":35,"column":10}},"20":{"start":{"line":38,"column":0},"end":{"line":38,"column":65}},"21":{"start":{"line":39,"column":0},"end":{"line":52,"column":1}},"22":{"start":{"line":40,"column":1},"end":{"line":40,"column":60}},"23":{"start":{"line":41,"column":1},"end":{"line":41,"column":67}},"24":{"start":{"line":43,"column":1},"end":{"line":48,"column":2}},"25":{"start":{"line":44,"column":2},"end":{"line":47,"column":3}},"26":{"start":{"line":45,"column":3},"end":{"line":45,"column":71}},"27":{"start":{"line":46,"column":3},"end":{"line":46,"column":30}},"28":{"start":{"line":46,"column":23},"end":{"line":46,"column":29}},"29":{"start":{"line":50,"column":1},"end":{"line":50,"column":84}},"30":{"start":{"line":50,"column":22},"end":{"line":50,"column":83}},"31":{"start":{"line":51,"column":1},"end":{"line":51,"column":20}},"32":{"start":{"line":54,"column":0},"end":{"line":70,"column":1}},"33":{"start":{"line":55,"column":1},"end":{"line":55,"column":19}},"34":{"start":{"line":56,"column":1},"end":{"line":59,"column":2}},"35":{"start":{"line":57,"column":2},"end":{"line":57,"column":27}},"36":{"start":{"line":57,"column":19},"end":{"line":57,"column":26}},"37":{"start":{"line":58,"column":2},"end":{"line":58,"column":46}},"38":{"start":{"line":58,"column":27},"end":{"line":58,"column":45}},"39":{"start":{"line":60,"column":1},"end":{"line":60,"column":31}},"40":{"start":{"line":61,"column":1},"end":{"line":65,"column":14}},"41":{"start":{"line":62,"column":2},"end":{"line":62,"column":87}},"42":{"start":{"line":63,"column":2},"end":{"line":63,"column":58}},"43":{"start":{"line":64,"column":2},"end":{"line":64,"column":52}},"44":{"start":{"line":66,"column":1},"end":{"line":66,"column":37}},"45":{"start":{"line":68,"column":1},"end":{"line":68,"column":72}},"46":{"start":{"line":68,"column":20},"end":{"line":68,"column":71}},"47":{"start":{"line":69,"column":1},"end":{"line":69,"column":17}}},"branchMap":{"1":{"line":3,"type":"binary-expr","locations":[{"start":{"line":3,"column":17},"end":{"line":3,"column":30}},{"start":{"line":3,"column":34},"end":{"line":3,"column":49}}]},"2":{"line":5,"type":"cond-expr","locations":[{"start":{"line":5,"column":42},"end":{"line":5,"column":74}},{"start":{"line":5,"column":77},"end":{"line":5,"column":79}}]},"3":{"line":15,"type":"if","locations":[{"start":{"line":15,"column":1},"end":{"line":15,"column":1}},{"start":{"line":15,"column":1},"end":{"line":15,"column":1}}]},"4":{"line":28,"type":"if","locations":[{"start":{"line":28,"column":1},"end":{"line":28,"column":1}},{"start":{"line":28,"column":1},"end":{"line":28,"column":1}}]},"5":{"line":30,"type":"if","locations":[{"start":{"line":30,"column":1},"end":{"line":30,"column":1}},{"start":{"line":30,"column":1},"end":{"line":30,"column":1}}]},"6":{"line":43,"type":"if","locations":[{"start":{"line":43,"column":1},"end":{"line":43,"column":1}},{"start":{"line":43,"column":1},"end":{"line":43,"column":1}}]},"7":{"line":43,"type":"binary-expr","locations":[{"start":{"line":43,"column":5},"end":{"line":43,"column":18}},{"start":{"line":43,"column":22},"end":{"line":43,"column":39}},{"start":{"line":43,"column":43},"end":{"line":43,"column":60}}]},"8":{"line":46,"type":"if","locations":[{"start":{"line":46,"column":3},"end":{"line":46,"column":3}},{"start":{"line":46,"column":3},"end":{"line":46,"column":3}}]},"9":{"line":50,"type":"if","locations":[{"start":{"line":50,"column":1},"end":{"line":50,"column":1}},{"start":{"line":50,"column":1},"end":{"line":50,"column":1}}]},"10":{"line":57,"type":"if","locations":[{"start":{"line":57,"column":2},"end":{"line":57,"column":2}},{"start":{"line":57,"column":2},"end":{"line":57,"column":2}}]},"11":{"line":58,"type":"if","locations":[{"start":{"line":58,"column":2},"end":{"line":58,"column":2}},{"start":{"line":58,"column":2},"end":{"line":58,"column":2}}]},"12":{"line":68,"type":"if","locations":[{"start":{"line":68,"column":1},"end":{"line":68,"column":1}},{"start":{"line":68,"column":1},"end":{"line":68,"column":1}}]}},"code":["var path = require('path')","var fs = require('fs')","var existsSync = fs.existsSync || path.existsSync","","var _nodePaths = (process.env.NODE_PATH ? process.env.NODE_PATH.split(':') : [])","_nodePaths.push(process.cwd())","","module.exports = {","\tpath: resolvePath,","\t_nodePaths:_nodePaths,","\trequireStatement: resolveRequireStatement","}","","function resolvePath(searchPath, pathBase) {","\tif (searchPath[0] == '.') {","\t\t// relative path, e.g. require(\"./foo\")","\t\treturn _findModuleMain(path.resolve(pathBase, searchPath))","\t}","\t","\tvar searchParts = searchPath.split('/')","\tvar componentName = searchParts[searchParts.length - 1]","\tvar name = searchParts.shift()","\tvar rest = searchParts.join('/')","\t","\t// npm-style path, e.g. require(\"npm\").","\t// Climb parent directories in search for \"node_modules\"","\tvar modulePath = _findModuleMain(path.resolve(pathBase, 'node_modules', searchPath))","\tif (modulePath) { return modulePath }","","\tif (pathBase != '/') {","\t\t// not yet at the root - keep climbing!","\t\treturn resolvePath(searchPath, path.resolve(pathBase, '..'))","\t}","\t","\treturn ''","}","","var _pathnameGroupingRegex = /require\\s*\\(['\"]([\\w\\/\\.-]*)['\"]\\)/","function resolveRequireStatement(requireStmnt, currentPath) {","\tvar rawPath = requireStmnt.match(_pathnameGroupingRegex)[1]","\tvar resolvedPath = resolvePath(rawPath, path.dirname(currentPath))","\t","\tif (!resolvedPath && rawPath[0] != '.' && rawPath[0] != '/') {","\t\tfor (var i=0; i<_nodePaths.length; i++) {","\t\t\tresolvedPath = _findModuleMain(path.resolve(_nodePaths[i], rawPath))","\t\t\tif (resolvedPath) { break }","\t\t}","\t}","\t","\tif (!resolvedPath) { throw 'Could not resolve \"'+rawPath+'\" in \"'+currentPath+'\"' }","\treturn resolvedPath","}","","function _findModuleMain(absModulePath, tryFileName) {","\tvar foundPath = ''","\tfunction attempt(aPath) {","\t\tif (foundPath) { return }","\t\tif (existsSync(aPath)) { foundPath = aPath }","\t}","\tattempt(absModulePath + '.js')","\ttry {","\t\tvar package = JSON.parse(fs.readFileSync(absModulePath + '/package.json').toString())","\t\tattempt(path.resolve(absModulePath, package.main+'.js'))","\t\tattempt(path.resolve(absModulePath, package.main))","\t} catch(e) {}","\tattempt(absModulePath + '/index.js')","","\tif (tryFileName) { attempt(absModulePath + '/' + tryFileName + '.js') }","\treturn foundPath","}","","",""],"l":{"1":1,"2":1,"3":1,"5":1,"6":1,"8":1,"14":1,"15":0,"17":0,"20":0,"21":0,"22":0,"23":0,"27":0,"28":0,"30":0,"32":0,"35":0,"38":1,"39":1,"40":0,"41":0,"43":0,"44":0,"45":0,"46":0,"50":0,"51":0,"54":1,"55":0,"56":1,"57":0,"58":0,"60":0,"61":0,"62":0,"63":0,"64":0,"66":0,"68":0,"69":0}},"/home/travis/build/npmtest/node-npmtest-require/node_modules/require/lib/getRequireStatements.js":{"path":"/home/travis/build/npmtest/node-npmtest-require/node_modules/require/lib/getRequireStatements.js","s":{"1":1,"2":1,"3":1,"4":0},"b":{"1":[0,0]},"f":{"1":0},"fnMap":{"1":{"name":"getRequireStatements","line":4,"loc":{"start":{"line":4,"column":0},"end":{"line":4,"column":36}}}},"statementMap":{"1":{"start":{"line":1,"column":0},"end":{"line":1,"column":37}},"2":{"start":{"line":3,"column":0},"end":{"line":3,"column":61}},"3":{"start":{"line":4,"column":0},"end":{"line":6,"column":1}},"4":{"start":{"line":5,"column":1},"end":{"line":5,"column":45}}},"branchMap":{"1":{"line":5,"type":"binary-expr","locations":[{"start":{"line":5,"column":8},"end":{"line":5,"column":39}},{"start":{"line":5,"column":43},"end":{"line":5,"column":45}}]}},"code":["module.exports = getRequireStatements","","var _globalRequireRegex = /require\\s*\\(['\"][\\w\\/\\.-]*['\"]\\)/g","function getRequireStatements(code) {","\treturn code.match(_globalRequireRegex) || []","}",""],"l":{"1":1,"3":1,"4":1,"5":0}},"/home/travis/build/npmtest/node-npmtest-require/node_modules/require/server.js":{"path":"/home/travis/build/npmtest/node-npmtest-require/node_modules/require/server.js","s":{"1":1,"2":1,"3":1,"4":1,"5":1,"6":1,"7":1,"8":1,"9":1,"10":1,"11":1,"12":1,"13":1,"14":0,"15":0,"16":0,"17":1,"18":0,"19":0,"20":1,"21":0,"22":0,"23":1,"24":0,"25":0,"26":0,"27":1,"28":0,"29":1,"30":1,"31":0,"32":0,"33":0,"34":1,"35":0,"36":0,"37":0,"38":0,"39":1,"40":0,"41":0,"42":0,"43":0,"44":1,"45":0,"46":1,"47":0,"48":0,"49":0,"50":0,"51":0,"52":0,"53":0,"54":0,"55":0,"56":0,"57":0,"58":1,"59":0,"60":0,"61":0,"62":0,"63":0,"64":1,"65":0,"66":0,"67":1,"68":0,"69":0,"70":0,"71":1,"72":0,"73":0,"74":0,"75":0,"76":0,"77":0,"78":0,"79":1,"80":0,"81":0,"82":0,"83":1,"84":0,"85":1,"86":0,"87":0,"88":0,"89":0,"90":0,"91":0,"92":0,"93":1,"94":0,"95":0,"96":0,"97":0,"98":0,"99":0,"100":0,"101":0,"102":0,"103":0,"104":0,"105":0,"106":0,"107":1,"108":0,"109":0,"110":0,"111":0},"b":{"1":[0,0],"2":[0,0],"3":[0,0],"4":[0,0],"5":[0,0],"6":[0,0],"7":[0,0],"8":[0,0],"9":[0,0],"10":[0,0],"11":[0,0],"12":[0,0],"13":[0,0,0,0],"14":[0,0],"15":[0,0],"16":[0,0],"17":[0,0],"18":[0,0],"19":[0,0],"20":[0,0]},"f":{"1":0,"2":0,"3":0,"4":0,"5":0,"6":0,"7":0,"8":0,"9":0,"10":0,"11":0,"12":0,"13":0,"14":0,"15":0,"16":0,"17":0,"18":0,"19":0,"20":0,"21":0,"22":0},"fnMap":{"1":{"name":"listen","line":21,"loc":{"start":{"line":21,"column":0},"end":{"line":21,"column":28}}},"2":{"name":"mount","line":27,"loc":{"start":{"line":27,"column":0},"end":{"line":27,"column":30}}},"3":{"name":"connect","line":32,"loc":{"start":{"line":32,"column":0},"end":{"line":32,"column":23}}},"4":{"name":"_checkRequest","line":37,"loc":{"start":{"line":37,"column":0},"end":{"line":37,"column":39}}},"5":{"name":"isRequireRequest","line":45,"loc":{"start":{"line":45,"column":0},"end":{"line":45,"column":31}}},"6":{"name":"setOpts","line":57,"loc":{"start":{"line":57,"column":0},"end":{"line":57,"column":24}}},"7":{"name":"getUrlBase","line":63,"loc":{"start":{"line":63,"column":0},"end":{"line":63,"column":22}}},"8":{"name":"handleRequest","line":74,"loc":{"start":{"line":74,"column":0},"end":{"line":74,"column":33}}},"9":{"name":"_normalizeURL","line":82,"loc":{"start":{"line":82,"column":1},"end":{"line":82,"column":29}}},"10":{"name":"_handleMainModuleRequest","line":87,"loc":{"start":{"line":87,"column":0},"end":{"line":87,"column":53}}},"11":{"name":"_getMobilePayload","line":102,"loc":{"start":{"line":102,"column":1},"end":{"line":102,"column":30}}},"12":{"name":"(anonymous_12)","line":104,"loc":{"start":{"line":104,"column":23},"end":{"line":104,"column":39}}},"13":{"name":"(anonymous_13)","line":105,"loc":{"start":{"line":105,"column":15},"end":{"line":105,"column":36}}},"14":{"name":"_getNormalPayload","line":112,"loc":{"start":{"line":112,"column":1},"end":{"line":112,"column":30}}},"15":{"name":"clientBootstrapFn","line":116,"loc":{"start":{"line":116,"column":2},"end":{"line":116,"column":46}}},"16":{"name":"loadNextLevel","line":126,"loc":{"start":{"line":126,"column":3},"end":{"line":126,"column":28}}},"17":{"name":"onModuleLoaded","line":137,"loc":{"start":{"line":137,"column":3},"end":{"line":137,"column":29}}},"18":{"name":"_asString","line":147,"loc":{"start":{"line":147,"column":0},"end":{"line":147,"column":23}}},"19":{"name":"_handleModuleRequest","line":149,"loc":{"start":{"line":149,"column":0},"end":{"line":149,"column":44}}},"20":{"name":"_getModuleCode","line":160,"loc":{"start":{"line":160,"column":0},"end":{"line":160,"column":38}}},"21":{"name":"(anonymous_21)","line":165,"loc":{"start":{"line":165,"column":26},"end":{"line":165,"column":49}}},"22":{"name":"_sendError","line":181,"loc":{"start":{"line":181,"column":0},"end":{"line":181,"column":30}}}},"statementMap":{"1":{"start":{"line":1,"column":0},"end":{"line":1,"column":26}},"2":{"start":{"line":2,"column":0},"end":{"line":2,"column":22}},"3":{"start":{"line":3,"column":0},"end":{"line":3,"column":26}},"4":{"start":{"line":4,"column":0},"end":{"line":4,"column":34}},"5":{"start":{"line":5,"column":0},"end":{"line":5,"column":38}},"6":{"start":{"line":6,"column":0},"end":{"line":6,"column":28}},"7":{"start":{"line":7,"column":
[...]
equireRequest: isRequireRequest,","\thandleRequest: handleRequest","}","","function listen(portOrOpts) {","\tvar _opts = (isObject(portOrOpts) ? portOrOpts : { port:portOrOpts || 1234 })","\topts.handleAllRequests = true","\tmount(http.createServer(), _opts).listen(opts.port, opts.host)","}","","function mount(server, _opts) {","\tsetOpts(_opts)","\treturn server.on('request', _checkRequest)","}","","function connect(opts) {","\tsetOpts(opts)","\treturn _checkRequest","}","","function _checkRequest(req, res, next) {","\tif (isRequireRequest(req) || opts.handleAllRequests) {","\t\thandleRequest(req, res)","\t} else {","\t\tnext && next()","\t}","}","","function isRequireRequest(req) {","\treturn req.url.substr(1, opts.root.length) == opts.root","}","","/* options"," *********/","var opts = {","\tpath: process.cwd(),","\troot: 'require',","\tport: null,","\thost: null","}","function setOpts(_opts) {","\topts = extend(_opts, opts)","\tif (opts.path) {","\t\tresolve._nodePaths.push(opts.path)","\t}","}","function getUrlBase() {","\tvar basePort = (!opts.usePagePort && opts.port)","\tif (opts.host && basePort) {","\t\treturn '//' + opts.host + ':' + basePort + '/' + opts.root + '/'","\t} else {","\t\treturn '/' + opts.root + '/'","\t}","}","","/* request handlers"," ******************/","function handleRequest(req, res) {","\tvar reqPath = _normalizeURL(req.url).substr(opts.root.length + 2)","\tif (reqPath.match(/\\.js$/)) {","\t\t_handleModuleRequest(reqPath, res)","\t} else {","\t\t_handleMainModuleRequest(reqPath, req, res)","\t}","","\tfunction _normalizeURL(url) {","\t\treturn url.replace(/\\?.*/g, '').replace(/\\/js$/, '.js')","\t}","}","","function _handleMainModuleRequest(reqPath, req, res) {","\tvar mainModulePath = resolve.path('./' + reqPath, opts.path)","\tif (!mainModulePath) { return _sendError(res, 'Could not find module \"'+reqPath+'\" from \"'+opts.path+'\"') }","","\ttry { var dependencyTree = getDependencyLevels(mainModulePath) }","\tcatch(err) { return _sendError(res, 'in getDependencyLevels: ' + (err.message || err)) }","\t","\tvar userAgent = req.headers['user-agent']","\tvar isMobile = userAgent.match('iPad') || userAgent.match('iPod') || userAgent.match('iPhone') || userAgent.match('Android')","\t","\tvar response = isMobile ? _getMobilePayload() : _getNormalPayload()","\t","\tres.writeHead(200, { 'Cache-Control':'no-cache', 'Expires':'Fri, 31 Dec 1998 12:00:00 GMT', 'Content-Length':response.length, 'Content-Type':'text/javascript' })","\tres.end(response)","","\tfunction _getMobilePayload() {","\t\tvar result = ['__require__={loadNextModule:function(){},onModuleLoaded:function(){}}']","\t\teach(dependencyTree, function(level) {","\t\t\teach(level, function(dependency) {","\t\t\t\tresult.push(';(function(){ '+_getModuleCode(res, dependency)+' }());')","\t\t\t})","\t\t})","\t\treturn new Buffer(result.join('\\n'))","\t}","\t","\tfunction _getNormalPayload() {","\t\tvar paramsString = map([getUrlBase(), dependencyTree], JSON.stringify).join(',\\n\\t\\t')","\t\treturn new Buffer('\\t('+clientBootstrapFn.toString()+')(\\n\\t\\t'+paramsString+'\\n\\t)')\t","\t\t","\t\tfunction clientBootstrapFn(urlBase, levels) {","\t\t\t// This function gets sent to the client as toString","\t\t\t__require__ = {","\t\t\t\tloadNextLevel: loadNextLevel,","\t\t\t\tonModuleLoaded: onModuleLoaded","\t\t\t}","","\t\t\tvar currentLevel = null","\t\t\tloadNextLevel()","","\t\t\tfunction loadNextLevel() {","\t\t\t\tif (!levels.length) { return } // all done!","\t\t\t\tcurrentLevel = levels.shift()","\t\t\t\tvar head = document.getElementsByTagName('head')[0]","\t\t\t\tfor (var i=0; i<currentLevel.length; i++) {","\t\t\t\t\t// var url = location.protocol + '//' + location.host + urlBase + currentLevel[i]","\t\t\t\t\tvar url = urlBase + currentLevel[i]","\t\t\t\t\thead.appendChild(document.createElement('script')).src = url","\t\t\t\t}","\t\t\t}","","\t\t\tfunction onModuleLoaded() {","\t\t\t\tcurrentLevel.pop()","\t\t\t\tif (currentLevel.length == 0) {","\t\t\t\t\tloadNextLevel()","\t\t\t\t}","\t\t\t}","\t\t}\t\t","\t}","}","","function _asString(fn) { return fn.toString() }","","function _handleModuleRequest(reqPath, res) {","\ttry { var code = _getModuleCode(res, reqPath) }","\tcatch(err) { return _sendError(res, err.stack || err) }","","\tcode += '\\n\\n'","\t","\tvar buf = new Buffer(code)","\tres.writeHead(200, { 'Cache-Control':'no-cache', 'Expires':'Fri, 31 Dec 1998 12:00:00 GMT', 'Content-Length':buf.length, 'Content-Type':'text/javascript' })","\tres.end(buf)","}","","function _getModuleCode(res, reqPath) {","\tvar code = getCode(reqPath)","\tvar requireStatements = getRequireStatements(code)","","\ttry {","\t\teach(requireStatements, function(requireStmnt) {","\t\t\tvar depPath = resolve.requireStatement(requireStmnt, reqPath)","\t\t\tif (!depPath) { throw 'Could not resolve module' }","\t\t\tcode = code.replace(requireStmnt, '__require__[\"'+depPath+'\"]')","\t\t})","\t} catch(e) {","\t\t_sendError(res, e.message || e)","\t}","","\tvar _closureStart = ';(function(){'","\tvar _moduleDef = 'var module={exports:{}},exports=module.exports;/*FILE BEGIN*/ '","\tvar _closureEnd = '/*FILE END*/__require__[\"'+reqPath+'\"]=module.exports; __require__.onModuleLoaded()\\n})()'","\treturn _closureStart + _moduleDef + code + // all on the first line to make error line number reports correct","\t\t'\\n' + _closureEnd","}","","function _sendError(res, msg) {","\tif (msg) { msg = msg.replace(/\\n/g, '\\\\n').replace(/\"/g, '\\\\\"') }","\tres.writeHead(200)","\tres.end('alert(\"error: ' + msg + '\")')","}",""],"l":{"1":1,"2":1,"3":1,"4":1,"5":1,"6":1,"7":1,"8":1,"9":1,"10":1,"11":1,"13":1,"21":1,"22":0,"23":0,"24":0,"27":1,"28":0,"29":0,"32":1,"33":0,"34":0,"37":1,"38":0,"39":0,"41":0,"45":1,"46":0,"51":1,"57":1,"58":0,"59":0,"60":0,"63":1,"64":0,"65":0,"66":0,"68":0,"74":1,"75":0,"76":0,"77":0,"79":0,"82":1,"83":0,"87":1,"88":0,"89":0,"91":0,"92":0,"94":0,"95":0,"97":0,"99":0,"100":0,"102":1,"103":0,"104":0,"105":0,"106":0,"109":0,"112":1,"113":0,"114":0,"116":1,"118":0,"123":0,"124":0,"126":1,"127":0,"128":0,"129":0,"130":0,"132":0,"133":0,"137":1,"138":0,"139":0,"140":0,"147":1,"149":1,"150":0,"151":0,"153":0,"155":0,"156":0,"157":0,"160":1,"161":0,"162":0,"164":0,"165":0,"166":0,"167":0,"168":0,"171":0,"174":0,"175":0,"176":0,"177":0,"181":1,"182":0,"183":0,"184":0}},"/home/travis/build/npmtest/node-npmtest-require/node_modules/require/lib/getDependencyLevels.js":{"path":"/home/travis/build/npmtest/node-npmtest-require/node_modules/require/lib/getDependencyLevels.js","s":{"1":1,"2":1,"3":1,"4":1,"5":1,"6":1,"7":0,"8":0,"9":0,"10":0,"11":0,"12":0,"13":0,"14":0,"15":0,"16":1,"17":0,"18":0,"19":0,"20":0,"21":0,"22":0,"23":0,"24":0,"25":0,"26":0,"27":1,"28":0,"29":0,"30":0,"31":0,"32":0,"33":0,"34":0,"35":0,"36":0,"37":0,"38":0,"39":0,"40":0,"41":0,"42":0},"b":{"1":[0,0],"2":[0,0],"3":[0,0],"4":[0,0],"5":[0,0]},"f":{"1":0,"2":0,"3":0,"4":0,"5":0},"fnMap":{"1":{"name":"getDependencyLevels","line":8,"loc":{"start":{"line":8,"column":0},"end":{"line":8,"column":45}}},"2":{"name":"_buildDependencyTreeOf","line":22,"loc":{"start":{"line":22,"column":1},"end":{"line":22,"column":39}}},"3":{"name":"(anonymous_3)","line":27,"loc":{"start":{"line":27,"column":26},"end":{"line":27,"column":53}}},"4":{"name":"_buildLevel","line":39,"loc":{"start":{"line":39,"column":1},"end":{"line":39,"column":29}}},"5":{"name":"(anonymous_5)","line":43,"loc":{"start":{"line":43,"column":14},"end":{"line":43,"column":29}}}},"statementMap":{"1":{"start":{"line":1,"column":0},"end":{"line":1,"column":30}},"2":{"start":{"line":2,"column":0},"end":{"line":2,"column":34}},"3":{"start":{"line":3,"column":0},"end":{"line":3,"column":60}},"4":{"start":{"line":4,"column":0},"end":{"line":4,"column":34}},"5":{"start":{"line":6,"column":0},"end":{"line":6,"column":36}},"6":{"start":{"line":8,"column":0},"end":{"line":59,"column":1}},"7":{"start":{"line":9,"column":1},"end":{"line":9,"column":16}},"8":{"start":{"line":10,"column":1},"end":{"line":10,"column":14}},"9":{"start":{"line":11,"column":1},"end":{"line":11,"column":19}},"10":{"start":{"line":12,"column":1},"end":{"line":12,"column":27}},"11":{"start":{"line":13,"column":1},"end":{"line":13,"column":29}},"12":{"start":{"line":15,"column":1},"end":{"line":15,"column":16}},"13":{"start":{"line":16,"column":1},"end":{"line":16,"column":19}},"14":{"start":{"line":17,"column":1},"end":{"line":17,"column":20}},"15":{"start":{"line":19,"column":1},"end":{"line":19,"column":14}},"16":{"start":{"line":22,"column":1},"end":{"line":35,"column":2}},"17":{"start":{"line":23,"column":2},"end":{"line":23,"column":66}},"18":{"start":{"line":24,"column":2},"end":{"line":26,"column":3}},"19":{"start":{"line":25,"column":3},"end":{"line":25,"column":27}},"20":{"start":{"line":27,"column":2},"end":{"line":33,"column":4}},"21":{"start":{"line":28,"column":3},"end":{"line":28,"column":21}},"22":{"start":{"line":29,"column":3},"end":{"line":29,"column":73}},"23":{"start":{"line":30,"column":3},"end":{"line":30,"column":26}},"24":{"start":{"line":31,"column":3},"end":{"line":31,"column":23}},"25":{"start":{"line":32,"column":3},"end":{"line":32,"column":36}},"26":{"start":{"line":34,"column":2},"end":{"line":34,"column":42}},"27":{"start":{"line":39,"column":1},"end":{"line":58,"column":2}},"28":{"start":{"line":40,"column":2},"end":{"line":40,"column":16}},"29":{"start":{"line":41,"column":2},"end":{"line":41,"column":20}},"30":{"start":{"line":42,"column":2},"end":{"line":42,"column":18}},"31":{"start":{"line":43,"column":2},"end":{"line":55,"column":4}},"32":{"start":{"line":44,"column":3},"end":{"line":47,"column":4}},"33":{"start":{"line":45,"column":4},"end":{"line":45,"column":31}},"34":{"start":{"line":46,"column":4},"end":{"line":46,"column":25}},"35":{"start":{"line":48,"column":3},"end":{"line":48,"column":30}},"36":{"start":{"line":48,"column":22},"end":{"line":48,"column":29}},"37":{"start":{"line":50,"column":3},"end":{"line":50,"column":41}},"38":{"start":{"line":52,"column":3},"end":{"line":54,"column":4}},"39":{"start":{"line":53,"column":4},"end":{"line":53,"column":29}},"40":{"start":{"line":56,"column":2},"end":{"line":56,"column":33}},"41":{"start":{"line":56,"column":25},"end":{"line":56,"column":32}},"42":{"start":{"line":57,"column":2},"end":{"line":57,"column":22}}},"branchMap":{"1":{"line":24,"type":"if","locations":[{"start":{"line":24,"column":2},"end":{"line":24,"column":2}},{"start":{"line":24,"column":2},"end":{"line":24,"column":2}}]},"2":{"line":44,"type":"if","locations":[{"start":{"line":44,"column":3},"end":{"line":44,"column":3}},{"start":{"line":44,"column":3},"end":{"line":44,"column":3}}]},"3":{"line":48,"type":"if","locations":[{"start":{"line":48,"column":3},"end":{"line":48,"column":3}},{"start":{"line":48,"column":3},"end":{"line":48,"column":3}}]},"4":{"line":52,"type":"if","locations":[{"start":{"line":52,"column":3},"end":{"line":52,"column":3}},{"start":{"line":52,"column":3},"end":{"line":52,"column":3}}]},"5":{"line":56,"type":"if","locations":[{"start":{"line":56,"column":2},"end":{"line":56,"column":2}},{"start":{"line":56,"column":2},"end":{"line":56,"column":2}}]}},"code":["var each = require('std/each')","var getCode = require('./getCode')","var getRequireStatements = require('./getRequireStatements')","var resolve = require('./resolve')","","module.exports = getDependencyLevels","","function getDependencyLevels(mainModulePath) {","\tvar leaves = []","\tvar root = []","\troot.isRoot = true","\troot.path = mainModulePath","\t_buildDependencyTreeOf(root)","","\tvar levels = []","\tvar seenPaths = {}","\t_buildLevel(leaves)","","\treturn levels","","\t// builds full dependency tree, noting every dependency of every node","\tfunction _buildDependencyTreeOf(node) {","\t\tvar requireStatements = getRequireStatements(getCode(node.path))","\t\tif (requireStatements.length == 0) {","\t\t\treturn leaves.push(node)","\t\t}","\t\teach(requireStatements, function(requireStatement) {","\t\t\tvar childNode = []","\t\t\tchildNode.path = resolve.requireStatement(requireStatement, node.path)","\t\t\tchildNode.parent = node","\t\t\tnode.push(childNode)","\t\t\t_buildDependencyTreeOf(childNode)","\t\t})","\t\tnode.waitingForNumChildren = node.length","\t}","","\t// builds a list of dependency levels, where nodes in each level is dependent only on nodes in levels below it","\t// the dependency levels allow for parallel loading of every file in any given level","\tfunction _buildLevel(nodes) {","\t\tvar level = []","\t\tlevels.push(level)","\t\tvar parents = []","\t\teach(nodes, function(node) {","\t\t\tif (!seenPaths[node.path]) {","\t\t\t\tseenPaths[node.path] = true","\t\t\t\tlevel.push(node.path)","\t\t\t}","\t\t\tif (node.isRoot) { return }","","\t\t\tnode.parent.waitingForNumChildren -= 1","","\t\t\tif (node.parent.waitingForNumChildren == 0) {","\t\t\t\tparents.push(node.parent)","\t\t\t}","\t\t})","\t\tif (!parents.length) { return }","\t\t_buildLevel(parents)","\t}","}",""],"l":{"1":1,"2":1,"3":1,"4":1,"6":1,"8":1,"9":0,"10":0,"11":0,"12":0,"13":0,"15":0,"16":0,"17":0,"19":0,"22":1,"23":0,"24":0,"25":0,"27":0,"28":0,"29":0,"30":0,"31":0,"32":0,"34":0,"39":1,"40":0,"41":0,"42":0,"43":0,"44":0,"45":0,"46":0,"48":0,"50":0,"52":0,"53":0,"56":0,"57":0}},"/home/travis/build/npmtest/node-npmtest-require/node_modules/require/bin/require-command.js":{"path":"/home/travis/build/npmtest/node-npmtest-require/node_modules/require/bin/require-command.js","s":{"1":2,"2":2,"3":2,"4":2,"5":2,"6":0,"7":0,"8":0,"9":0,"10":0,"11":0,"12":0,"13":0,"14":0,"15":0,"16":0,"17":0,"18":0,"19":0,"20":0,"21":0,"22":0,"23":0,"24":0,"25":0,"26":0,"27":0,"28":0,"29":0,"30":0,"31":0,"32":0,"33":0,"34":0,"35":0,"36":0,"37":0,"38":0},"b":{"1":[0,0,0,0,0],"2":[0,0],"3":[0,0],"4":[0,0,0],"5":[0,0],"6":[0,0],"7":[0,0]},"f":{},"fnMap":{},"statementMap":{"1":{"start":{"line":3,"column":0},"end":{"line":5,"column":34}},"2":{"start":{"line":7,"column":0},"end":{"line":12,"column":1}},"3":{"start":{"line":14,"column":0},"end":{"line":14,"column":41}},"4":{"start":{"line":16,"column":0},"end":{"line":16,"column":27}},"5":{"start":{"line":17,"column":0},"end":{"line":17,"column":38}},"6":{"start":{"line":19,"column":0},"end":{"line":43,"column":1}},"7":{"start":{"line":20,"column":1},"end":{"line":20,"column":23}},"8":{"start":{"line":21,"column":1},"end":{"line":42,"column":2}},"9":{"start":{"line":23,"column":3},"end":{"line":23,"column":27}},"10":{"start":{"line":24,"column":3},"end":{"line":24,"column":8}},"11":{"start":{"line":26,"column":3},"end":{"line":26,"column":27}},"12":{"start":{"line":27,"column":3},"end":{"line":27,"column":8}},"13":{"start":{"line":29,"column":3},"end":{"line":29,"column":27}},"14":{"start":{"line":30,"column":3},"end":{"line":30,"column":8}},"15":{"start":{"line":32,"column":3},"end":{"line":35,"column":4}},"16":{"start":{"line":33,"column":4},"end":{"line":33,"column":67}},"17":{"start":{"line":34,"column":4},"end":{"line":34,"column":19}},"18":{"start":{"line":36,"column":3},"end":{"line":36,"column":26}},"19":{"start":{"line":37,"column":3},"end":{"line":37,"column":8}},"20":{"start":{"line":39,"column":3},"end":{"line":39,"column":37}},"21":{"start":{"line":40,"column":3},"end":{"line":40,"column":18}},"22":{"start":{"line":41,"column":3},"end":{"line":41,"column":8}},"23":{"start":{"line":45,"column":0},"end":{"line":68,"column":1}},"24":{"start":{"line":47,"column":2},"end":{"line":50,"column":3}},"25":{"start":{"line":48,"column":3},"end":{"line":48,"column":76}},"26":{"start":{"line":49,"column":3},"end":{"line":49,"column":18}},"27":{"start":{"line":51,"column":2},"end":{"line":51,"column":21}},"28":{"start":{"line":52,"column":2},"end":{"line":52,"column":81}},"29":{"start":{"line":53,"column":2},"end":{"line":53,"column":7}},"30":{"start":{"line":55,"column":2},"end":{"line":58,"column":3}},"31":{"start":{"line":56,"column":3},"end":{"line":56,"column":90}},"32":{"start":{"line":57,"column":3},"end":{"line":57,"column":18}},"33":{"start":{"line":59,"column":2},"end":{"line":59,"column":42}},"34":{"start":{"line":60,"column":2},"end":{"line":60,"column":7}},"35":{"start":{"line":62,"column":2},"end":{"line":66,"column":3}},"36":{"start":{"line":63,"column":3},"end":{"line":63,"column":104}},"37":{"start":{"line":65,"column":3},"end":{"line":65,"column":87}},"38":{"start":{"line":67,"column":2},"end":{"line":67,"column":17}}},"branchMap":{"1":{"line":21,"type":"switch","locations":[{"start":{"line":22,"column":2},"end":{"line":24,"column":8}},{"start":{"line":25,"column":2},"end":{"line":27,"column":8}},{"start":{"line":28,"column":2},"end":{"line":30,"column":8}},{"start":{"line":31,"column":2},"end":{"line":37,"column":8}},{"start":{"line":38,"column":2},"end":{"line":41,"column":8}}]},"2":{"line":32,"type":"if","locations":[{"start":{"line":32,"column":3},"end":{"line":32,"column":3}},{"start":{"line":32,"column":3},"end":{"line":32,"column":3}}]},"3":{"line":32,"type":"binary-expr","locations":[{"start":{"line":32,"column":7},"end":{"line":32,"column":14}},{"start":{"line":32,"column":18},"end":{"line":32,"column":35}}]},"4":{"line":45,"type":"switch","locations":[{"start":{"line":46,"column":1},"end":{"line":53,"column":7}},{"start":{"line":54,"column":1},"end":{"line":60,"column":7}},{"start":{"line":61,"column":1},"end":{"line":67,"column":17}}]},"5":{"line":47,"type":"if","locations":[{"start":{"line":47,"column":2},"end":{"line":47,"column":2}},{"start":{"line":47,"column":2},"end":{"line":47,"column":2}}]},"6":{"line":55,"type":"if","locations":[{"start":{"line":55,"column":2},"end":{"line":55,"column":2}},{"start":{"line":55,"column":2},"end":{"line":55,"column":2}}]},"7":{"line":62,"type":"if","locations":[{"start":{"line":62,"column":2},"end":{"line":62,"column":2}},{"start":{"line":62,"column":2},"end":{"line":62,"column":2}}]}},"code":["//#!/usr/bin/env node","","var path = require('path'),","\tserver = require('../server'),","\tcompiler = require('../compiler')","","var opts = {","\tport:    1234,","\thost:    'localhost',","\tcommand: null,","\tpath:    null","}","","var args = [].slice.call(process.argv, 2)","","opts.command = args.shift()","opts.path = path.resolve(args.shift())","","while (args.length) {","\tvar arg = args.shift()","\tswitch(arg) {","\t\tcase '--port':","\t\t\topts.port = args.shift()","\t\t\tbreak","\t\tcase '--host':","\t\t\topts.host = args.shift()","\t\t\tbreak","\t\tcase '--root':","\t\t\topts.root = args.shift()","\t\t\tbreak","\t\tcase '--usePagePort':","\t\t\tif (args[0] && args[0][0] != '-') {","\t\t\t\tconsole.log('Unexpected value for --usePagePort flag', args[0])","\t\t\t\tprocess.exit(1)","\t\t\t}","\t\t\topts.usePagePort = true","\t\t\tbreak","\t\tdefault:","\t\t\tconsole.log('Unknown option', arg)","\t\t\tprocess.exit(1)","\t\t\tbreak","\t}","}","","switch (opts.command) {","\tcase 'serve':","\t\tif (!opts.path) {","\t\t\tconsole.log('Specify a path to serve from, e.g. require serve ./example')","\t\t\tprocess.exit(1)","\t\t}","\t\tserver.listen(opts)","\t\tconsole.log('serving from', opts.path, 'on', 'http://'+opts.host+':'+opts.port)","\t\tbreak","\tcase 'compile':","\t\tif (!opts.path) {","\t\t\tconsole.log('Specify a single file to compile, e.g. require compile ./path/to/file.js')","\t\t\tprocess.exit(1)","\t\t}","\t\tconsole.log(compiler.compile(opts.path))","\t\tbreak","\tdefault:","\t\tif (opts.command) {","\t\t\tconsole.log('Unknown command', '\"' + opts.command + '\".', 'Try \"require serve\" or \"require compile\"')","\t\t} else {","\t\t\tconsole.log('You need to give a command, e.g. \"require serve\" or \"require compile\"')","\t\t}","\t\tprocess.exit(1)","}","",""],"l":{"3":2,"7":2,"14":2,"16":2,"17":2,"19":0,"20":0,"21":0,"23":0,"24":0,"26":0,"27":0,"29":0,"30":0,"32":0,"33":0,"34":0,"36":0,"37":0,"39":0,"40":0,"41":0,"45":0,"47":0,"48":0,"49":0,"51":0,"52":0,"53":0,"55":0,"56":0,"57":0,"59":0,"60":0,"62":0,"63":0,"65":0,"67":0}}}